<?xml version="1.0" encoding="UTF-8"?>
<testsuite xmlns:xsi="http://www.w3.org/2001/XMLSchema-instance" xsi:noNamespaceSchemaLocation="https://maven.apache.org/surefire/maven-surefire-plugin/xsd/surefire-test-report.xsd" name="org.owasp.webgoat.WebDriverJUnit1Test" time="335.755" tests="1" errors="0" skipped="0" failures="1">
  <properties/>
  <testcase name="test" classname="org.owasp.webgoat.WebDriverJUnit1Test" time="335.745">
    <failure message="Multiple Failures (2 failures)&#10;	org.openqa.selenium.NoSuchSessionException: Tried to run command without establishing a connection&#10;Build info: version: &apos;3.14.0&apos;, revision: &apos;aacccce0&apos;, time: &apos;2018-08-02T20:19:58.91Z&apos;&#10;System info: host: &apos;kali&apos;, ip: &apos;127.0.1.1&apos;, os.name: &apos;Linux&apos;, os.arch: &apos;amd64&apos;, os.version: &apos;5.4.0-kali4-amd64&apos;, java.version: &apos;11.0.7-ea&apos;&#10;Driver info: org.openqa.selenium.firefox.FirefoxDriver&#10;Capabilities {acceptInsecureCerts: true, browserName: firefox, browserVersion: 68.7.0, javascriptEnabled: true, moz:accessibilityChecks: false, moz:buildID: 20200403171148, moz:geckodriverVersion: 0.26.0, moz:headless: false, moz:processID: 146710, moz:profile: /tmp/rust_mozprofilelDz8mv, moz:shutdownTimeout: 60000, moz:useNonSpecCompliantPointerOrigin: false, moz:webdriverClick: true, pageLoadStrategy: normal, platform: LINUX, platformName: LINUX, platformVersion: 5.4.0-kali4-amd64, rotatable: false, setWindowRect: true, strictFileInteractability: false, timeouts: {implicit: 0, pageLoad: 300000, script: 30000}, unhandledPromptBehavior: dismiss and notify}&#10;Session ID: bd93d6b1-e9c1-4012-a365-f8f5334e7ee5&#10;	org.openqa.selenium.NoSuchSessionException: Tried to run command without establishing a connection&#10;Build info: version: &apos;3.14.0&apos;, revision: &apos;aacccce0&apos;, time: &apos;2018-08-02T20:19:58.91Z&apos;&#10;System info: host: &apos;kali&apos;, ip: &apos;127.0.1.1&apos;, os.name: &apos;Linux&apos;, os.arch: &apos;amd64&apos;, os.version: &apos;5.4.0-kali4-amd64&apos;, java.version: &apos;11.0.7-ea&apos;&#10;Driver info: org.openqa.selenium.firefox.FirefoxDriver&#10;Capabilities {acceptInsecureCerts: true, browserName: firefox, browserVersion: 68.7.0, javascriptEnabled: true, moz:accessibilityChecks: false, moz:buildID: 20200403171148, moz:geckodriverVersion: 0.26.0, moz:headless: false, moz:processID: 146710, moz:profile: /tmp/rust_mozprofilelDz8mv, moz:shutdownTimeout: 60000, moz:useNonSpecCompliantPointerOrigin: false, moz:webdriverClick: true, pageLoadStrategy: normal, platform: LINUX, platformName: LINUX, platformVersion: 5.4.0-kali4-amd64, rotatable: false, setWindowRect: true, strictFileInteractability: false, timeouts: {implicit: 0, pageLoad: 300000, script: 30000}, unhandledPromptBehavior: dismiss and notify}&#10;Session ID: bd93d6b1-e9c1-4012-a365-f8f5334e7ee5" type="org.opentest4j.MultipleFailuresError">org.opentest4j.MultipleFailuresError: 
Multiple Failures (2 failures)
	org.openqa.selenium.NoSuchSessionException: Tried to run command without establishing a connection
Build info: version: '3.14.0', revision: 'aacccce0', time: '2018-08-02T20:19:58.91Z'
System info: host: 'kali', ip: '127.0.1.1', os.name: 'Linux', os.arch: 'amd64', os.version: '5.4.0-kali4-amd64', java.version: '11.0.7-ea'
Driver info: org.openqa.selenium.firefox.FirefoxDriver
Capabilities {acceptInsecureCerts: true, browserName: firefox, browserVersion: 68.7.0, javascriptEnabled: true, moz:accessibilityChecks: false, moz:buildID: 20200403171148, moz:geckodriverVersion: 0.26.0, moz:headless: false, moz:processID: 146710, moz:profile: /tmp/rust_mozprofilelDz8mv, moz:shutdownTimeout: 60000, moz:useNonSpecCompliantPointerOrigin: false, moz:webdriverClick: true, pageLoadStrategy: normal, platform: LINUX, platformName: LINUX, platformVersion: 5.4.0-kali4-amd64, rotatable: false, setWindowRect: true, strictFileInteractability: false, timeouts: {implicit: 0, pageLoad: 300000, script: 30000}, unhandledPromptBehavior: dismiss and notify}
Session ID: bd93d6b1-e9c1-4012-a365-f8f5334e7ee5
	org.openqa.selenium.NoSuchSessionException: Tried to run command without establishing a connection
Build info: version: '3.14.0', revision: 'aacccce0', time: '2018-08-02T20:19:58.91Z'
System info: host: 'kali', ip: '127.0.1.1', os.name: 'Linux', os.arch: 'amd64', os.version: '5.4.0-kali4-amd64', java.version: '11.0.7-ea'
Driver info: org.openqa.selenium.firefox.FirefoxDriver
Capabilities {acceptInsecureCerts: true, browserName: firefox, browserVersion: 68.7.0, javascriptEnabled: true, moz:accessibilityChecks: false, moz:buildID: 20200403171148, moz:geckodriverVersion: 0.26.0, moz:headless: false, moz:processID: 146710, moz:profile: /tmp/rust_mozprofilelDz8mv, moz:shutdownTimeout: 60000, moz:useNonSpecCompliantPointerOrigin: false, moz:webdriverClick: true, pageLoadStrategy: normal, platform: LINUX, platformName: LINUX, platformVersion: 5.4.0-kali4-amd64, rotatable: false, setWindowRect: true, strictFileInteractability: false, timeouts: {implicit: 0, pageLoad: 300000, script: 30000}, unhandledPromptBehavior: dismiss and notify}
Session ID: bd93d6b1-e9c1-4012-a365-f8f5334e7ee5
</failure>
    <system-out><![CDATA[[[FirefoxDriver: firefox on LINUX (bd93d6b1-e9c1-4012-a365-f8f5334e7ee5)] -> xpath: //input[@type='SUBMIT']] Not interactable
[[FirefoxDriver: firefox on LINUX (bd93d6b1-e9c1-4012-a365-f8f5334e7ee5)] -> xpath: //input[@type='SUBMIT']] Not interactable
[[FirefoxDriver: firefox on LINUX (bd93d6b1-e9c1-4012-a365-f8f5334e7ee5)] -> xpath: //input[@type='SUBMIT']] Not interactable
[[FirefoxDriver: firefox on LINUX (bd93d6b1-e9c1-4012-a365-f8f5334e7ee5)] -> xpath: //input[@type='SUBMIT']] Not interactable
[[FirefoxDriver: firefox on LINUX (bd93d6b1-e9c1-4012-a365-f8f5334e7ee5)] -> xpath: //input[@type='SUBMIT']] Not interactable
[[FirefoxDriver: firefox on LINUX (bd93d6b1-e9c1-4012-a365-f8f5334e7ee5)] -> xpath: //input[@type='SUBMIT']] Not interactable
[[FirefoxDriver: firefox on LINUX (bd93d6b1-e9c1-4012-a365-f8f5334e7ee5)] -> xpath: //input[@type='SUBMIT']] Not interactable
[[FirefoxDriver: firefox on LINUX (bd93d6b1-e9c1-4012-a365-f8f5334e7ee5)] -> xpath: //input[@type='SUBMIT']] Not interactable
[[FirefoxDriver: firefox on LINUX (bd93d6b1-e9c1-4012-a365-f8f5334e7ee5)] -> xpath: //input[@type='SUBMIT']] Not interactable
[[FirefoxDriver: firefox on LINUX (bd93d6b1-e9c1-4012-a365-f8f5334e7ee5)] -> xpath: //input[@type='SUBMIT']] Not interactable
[[FirefoxDriver: firefox on LINUX (bd93d6b1-e9c1-4012-a365-f8f5334e7ee5)] -> xpath: //input[@type='SUBMIT']] Not interactable
[[FirefoxDriver: firefox on LINUX (bd93d6b1-e9c1-4012-a365-f8f5334e7ee5)] -> xpath: //input[@type='SUBMIT']] Not interactable
[[FirefoxDriver: firefox on LINUX (bd93d6b1-e9c1-4012-a365-f8f5334e7ee5)] -> xpath: //*/input[@type='TEXT']] Not interactable
[[FirefoxDriver: firefox on LINUX (bd93d6b1-e9c1-4012-a365-f8f5334e7ee5)] -> xpath: //*/input[@type='TEXT']] Not interactable
[[FirefoxDriver: firefox on LINUX (bd93d6b1-e9c1-4012-a365-f8f5334e7ee5)] -> xpath: //*/input[@type='TEXT']] Not interactable
[[FirefoxDriver: firefox on LINUX (bd93d6b1-e9c1-4012-a365-f8f5334e7ee5)] -> xpath: //input[@type='SUBMIT']] Not interactable
[[FirefoxDriver: firefox on LINUX (bd93d6b1-e9c1-4012-a365-f8f5334e7ee5)] -> xpath: //input[@type='SUBMIT']] Not interactable
[[FirefoxDriver: firefox on LINUX (bd93d6b1-e9c1-4012-a365-f8f5334e7ee5)] -> xpath: //input[@type='SUBMIT']] Not interactable
[[FirefoxDriver: firefox on LINUX (bd93d6b1-e9c1-4012-a365-f8f5334e7ee5)] -> xpath: //input[@type='SUBMIT']] Not interactable
[[FirefoxDriver: firefox on LINUX (bd93d6b1-e9c1-4012-a365-f8f5334e7ee5)] -> xpath: //input[@type='SUBMIT']] Not interactable
[[FirefoxDriver: firefox on LINUX (bd93d6b1-e9c1-4012-a365-f8f5334e7ee5)] -> xpath: //input[@type='SUBMIT']] Not interactable
[[FirefoxDriver: firefox on LINUX (bd93d6b1-e9c1-4012-a365-f8f5334e7ee5)] -> xpath: //input[@type='SUBMIT']] Not interactable
[[FirefoxDriver: firefox on LINUX (bd93d6b1-e9c1-4012-a365-f8f5334e7ee5)] -> xpath: //input[@type='SUBMIT']] Not interactable
[[FirefoxDriver: firefox on LINUX (bd93d6b1-e9c1-4012-a365-f8f5334e7ee5)] -> xpath: //*/input[@type='TEXT']] Not interactable
[[FirefoxDriver: firefox on LINUX (bd93d6b1-e9c1-4012-a365-f8f5334e7ee5)] -> xpath: //*/input[@type='TEXT']] Not interactable
[[FirefoxDriver: firefox on LINUX (bd93d6b1-e9c1-4012-a365-f8f5334e7ee5)] -> xpath: //*/input[@type='TEXT']] Not interactable
[[FirefoxDriver: firefox on LINUX (bd93d6b1-e9c1-4012-a365-f8f5334e7ee5)] -> xpath: //input[@type='SUBMIT']] Not interactable
[[FirefoxDriver: firefox on LINUX (bd93d6b1-e9c1-4012-a365-f8f5334e7ee5)] -> xpath: //input[@type='SUBMIT']] Not interactable
[[FirefoxDriver: firefox on LINUX (bd93d6b1-e9c1-4012-a365-f8f5334e7ee5)] -> xpath: //input[@type='SUBMIT']] Not interactable
[[FirefoxDriver: firefox on LINUX (bd93d6b1-e9c1-4012-a365-f8f5334e7ee5)] -> xpath: //input[@type='SUBMIT']] Not interactable
[[FirefoxDriver: firefox on LINUX (bd93d6b1-e9c1-4012-a365-f8f5334e7ee5)] -> xpath: //input[@type='SUBMIT']] Not interactable
[[FirefoxDriver: firefox on LINUX (bd93d6b1-e9c1-4012-a365-f8f5334e7ee5)] -> xpath: //input[@type='SUBMIT']] Not interactable
[[FirefoxDriver: firefox on LINUX (bd93d6b1-e9c1-4012-a365-f8f5334e7ee5)] -> xpath: //input[@type='SUBMIT']] Not interactable
[[FirefoxDriver: firefox on LINUX (bd93d6b1-e9c1-4012-a365-f8f5334e7ee5)] -> xpath: //input[@type='SUBMIT']] Not interactable
[[FirefoxDriver: firefox on LINUX (bd93d6b1-e9c1-4012-a365-f8f5334e7ee5)] -> xpath: //*/input[@type='TEXT']] Not interactable
[[FirefoxDriver: firefox on LINUX (bd93d6b1-e9c1-4012-a365-f8f5334e7ee5)] -> xpath: //*/input[@type='TEXT']] Not interactable
[[FirefoxDriver: firefox on LINUX (bd93d6b1-e9c1-4012-a365-f8f5334e7ee5)] -> xpath: //*/input[@type='TEXT']] Not interactable
[[FirefoxDriver: firefox on LINUX (bd93d6b1-e9c1-4012-a365-f8f5334e7ee5)] -> xpath: //input[@type='SUBMIT']] Not interactable
[[FirefoxDriver: firefox on LINUX (bd93d6b1-e9c1-4012-a365-f8f5334e7ee5)] -> xpath: //input[@type='SUBMIT']] Not interactable
[[FirefoxDriver: firefox on LINUX (bd93d6b1-e9c1-4012-a365-f8f5334e7ee5)] -> xpath: //input[@type='SUBMIT']] Not interactable
[[FirefoxDriver: firefox on LINUX (bd93d6b1-e9c1-4012-a365-f8f5334e7ee5)] -> xpath: //input[@type='SUBMIT']] Not interactable
[[FirefoxDriver: firefox on LINUX (bd93d6b1-e9c1-4012-a365-f8f5334e7ee5)] -> xpath: //input[@type='SUBMIT']] Not interactable
[[FirefoxDriver: firefox on LINUX (bd93d6b1-e9c1-4012-a365-f8f5334e7ee5)] -> xpath: //input[@type='SUBMIT']] Not interactable
[[FirefoxDriver: firefox on LINUX (bd93d6b1-e9c1-4012-a365-f8f5334e7ee5)] -> xpath: //input[@type='SUBMIT']] Not interactable
[[FirefoxDriver: firefox on LINUX (bd93d6b1-e9c1-4012-a365-f8f5334e7ee5)] -> xpath: //input[@type='SUBMIT']] Not interactable
[[FirefoxDriver: firefox on LINUX (bd93d6b1-e9c1-4012-a365-f8f5334e7ee5)] -> xpath: //*/input[@type='TEXT']] Not interactable
[[FirefoxDriver: firefox on LINUX (bd93d6b1-e9c1-4012-a365-f8f5334e7ee5)] -> xpath: //*/input[@type='TEXT']] Not interactable
[[FirefoxDriver: firefox on LINUX (bd93d6b1-e9c1-4012-a365-f8f5334e7ee5)] -> xpath: //*/input[@type='TEXT']] Not interactable
[[FirefoxDriver: firefox on LINUX (bd93d6b1-e9c1-4012-a365-f8f5334e7ee5)] -> xpath: //input[@type='SUBMIT']] Not interactable
[[FirefoxDriver: firefox on LINUX (bd93d6b1-e9c1-4012-a365-f8f5334e7ee5)] -> xpath: //input[@type='SUBMIT']] Not interactable
[[FirefoxDriver: firefox on LINUX (bd93d6b1-e9c1-4012-a365-f8f5334e7ee5)] -> xpath: //input[@type='SUBMIT']] Not interactable
[[FirefoxDriver: firefox on LINUX (bd93d6b1-e9c1-4012-a365-f8f5334e7ee5)] -> xpath: //input[@type='SUBMIT']] Not interactable
[[FirefoxDriver: firefox on LINUX (bd93d6b1-e9c1-4012-a365-f8f5334e7ee5)] -> xpath: //input[@type='SUBMIT']] Not interactable
[[FirefoxDriver: firefox on LINUX (bd93d6b1-e9c1-4012-a365-f8f5334e7ee5)] -> xpath: //input[@type='SUBMIT']] Not interactable
[[FirefoxDriver: firefox on LINUX (bd93d6b1-e9c1-4012-a365-f8f5334e7ee5)] -> xpath: //input[@type='SUBMIT']] Not interactable
[[FirefoxDriver: firefox on LINUX (bd93d6b1-e9c1-4012-a365-f8f5334e7ee5)] -> xpath: //input[@type='SUBMIT']] Not interactable
[[FirefoxDriver: firefox on LINUX (bd93d6b1-e9c1-4012-a365-f8f5334e7ee5)] -> xpath: //*/input[@type='TEXT']] Not interactable
[[FirefoxDriver: firefox on LINUX (bd93d6b1-e9c1-4012-a365-f8f5334e7ee5)] -> xpath: //*/input[@type='TEXT']] Not interactable
[[FirefoxDriver: firefox on LINUX (bd93d6b1-e9c1-4012-a365-f8f5334e7ee5)] -> xpath: //*/input[@type='TEXT']] Not interactable
[[FirefoxDriver: firefox on LINUX (bd93d6b1-e9c1-4012-a365-f8f5334e7ee5)] -> xpath: //input[@type='SUBMIT']] Not interactable
[[FirefoxDriver: firefox on LINUX (bd93d6b1-e9c1-4012-a365-f8f5334e7ee5)] -> xpath: //input[@type='SUBMIT']] Not interactable
[[FirefoxDriver: firefox on LINUX (bd93d6b1-e9c1-4012-a365-f8f5334e7ee5)] -> xpath: //input[@type='SUBMIT']] Not interactable
[[FirefoxDriver: firefox on LINUX (bd93d6b1-e9c1-4012-a365-f8f5334e7ee5)] -> xpath: //input[@type='SUBMIT']] Not interactable
[[FirefoxDriver: firefox on LINUX (bd93d6b1-e9c1-4012-a365-f8f5334e7ee5)] -> xpath: //input[@type='SUBMIT']] Not interactable
[[FirefoxDriver: firefox on LINUX (bd93d6b1-e9c1-4012-a365-f8f5334e7ee5)] -> xpath: //input[@type='SUBMIT']] Not interactable
[[FirefoxDriver: firefox on LINUX (bd93d6b1-e9c1-4012-a365-f8f5334e7ee5)] -> xpath: //input[@type='SUBMIT']] Not interactable
[[FirefoxDriver: firefox on LINUX (bd93d6b1-e9c1-4012-a365-f8f5334e7ee5)] -> xpath: //input[@type='SUBMIT']] Not interactable
[[FirefoxDriver: firefox on LINUX (bd93d6b1-e9c1-4012-a365-f8f5334e7ee5)] -> xpath: //*/input[@type='TEXT']] Not interactable
[[FirefoxDriver: firefox on LINUX (bd93d6b1-e9c1-4012-a365-f8f5334e7ee5)] -> xpath: //*/input[@type='TEXT']] Not interactable
[[FirefoxDriver: firefox on LINUX (bd93d6b1-e9c1-4012-a365-f8f5334e7ee5)] -> xpath: //*/input[@type='TEXT']] Not interactable
[[FirefoxDriver: firefox on LINUX (bd93d6b1-e9c1-4012-a365-f8f5334e7ee5)] -> xpath: //input[@type='SUBMIT']] Not interactable
[[FirefoxDriver: firefox on LINUX (bd93d6b1-e9c1-4012-a365-f8f5334e7ee5)] -> xpath: //input[@type='SUBMIT']] Not interactable
[[FirefoxDriver: firefox on LINUX (bd93d6b1-e9c1-4012-a365-f8f5334e7ee5)] -> xpath: //input[@type='SUBMIT']] Not interactable
[[FirefoxDriver: firefox on LINUX (bd93d6b1-e9c1-4012-a365-f8f5334e7ee5)] -> xpath: //input[@type='SUBMIT']] Not interactable
[[FirefoxDriver: firefox on LINUX (bd93d6b1-e9c1-4012-a365-f8f5334e7ee5)] -> xpath: //input[@type='SUBMIT']] Not interactable
[[FirefoxDriver: firefox on LINUX (bd93d6b1-e9c1-4012-a365-f8f5334e7ee5)] -> xpath: //input[@type='SUBMIT']] Not interactable
[[FirefoxDriver: firefox on LINUX (bd93d6b1-e9c1-4012-a365-f8f5334e7ee5)] -> xpath: //input[@type='SUBMIT']] Not interactable
[[FirefoxDriver: firefox on LINUX (bd93d6b1-e9c1-4012-a365-f8f5334e7ee5)] -> xpath: //input[@type='SUBMIT']] Not interactable
[[FirefoxDriver: firefox on LINUX (bd93d6b1-e9c1-4012-a365-f8f5334e7ee5)] -> xpath: //*/input[@type='TEXT']] Not interactable
[[FirefoxDriver: firefox on LINUX (bd93d6b1-e9c1-4012-a365-f8f5334e7ee5)] -> xpath: //*/input[@type='TEXT']] Not interactable
[[FirefoxDriver: firefox on LINUX (bd93d6b1-e9c1-4012-a365-f8f5334e7ee5)] -> xpath: //*/input[@type='TEXT']] Not interactable
[[FirefoxDriver: firefox on LINUX (bd93d6b1-e9c1-4012-a365-f8f5334e7ee5)] -> xpath: //input[@type='SUBMIT']] Not interactable
[[FirefoxDriver: firefox on LINUX (bd93d6b1-e9c1-4012-a365-f8f5334e7ee5)] -> xpath: //input[@type='SUBMIT']] Not interactable
[[FirefoxDriver: firefox on LINUX (bd93d6b1-e9c1-4012-a365-f8f5334e7ee5)] -> xpath: //input[@type='SUBMIT']] Not interactable
[[FirefoxDriver: firefox on LINUX (bd93d6b1-e9c1-4012-a365-f8f5334e7ee5)] -> xpath: //input[@type='SUBMIT']] Not interactable
[[FirefoxDriver: firefox on LINUX (bd93d6b1-e9c1-4012-a365-f8f5334e7ee5)] -> xpath: //input[@type='SUBMIT']] Not interactable
[[FirefoxDriver: firefox on LINUX (bd93d6b1-e9c1-4012-a365-f8f5334e7ee5)] -> xpath: //input[@type='SUBMIT']] Not interactable
[[FirefoxDriver: firefox on LINUX (bd93d6b1-e9c1-4012-a365-f8f5334e7ee5)] -> xpath: //input[@type='SUBMIT']] Not interactable
[[FirefoxDriver: firefox on LINUX (bd93d6b1-e9c1-4012-a365-f8f5334e7ee5)] -> xpath: //input[@type='SUBMIT']] Not interactable
[[FirefoxDriver: firefox on LINUX (bd93d6b1-e9c1-4012-a365-f8f5334e7ee5)] -> xpath: //*/input[@type='TEXT']] Not interactable
[[FirefoxDriver: firefox on LINUX (bd93d6b1-e9c1-4012-a365-f8f5334e7ee5)] -> xpath: //*/input[@type='TEXT']] Not interactable
[[FirefoxDriver: firefox on LINUX (bd93d6b1-e9c1-4012-a365-f8f5334e7ee5)] -> xpath: //*/input[@type='TEXT']] Not interactable
[[FirefoxDriver: firefox on LINUX (bd93d6b1-e9c1-4012-a365-f8f5334e7ee5)] -> xpath: //input[@type='SUBMIT']] Not interactable
[[FirefoxDriver: firefox on LINUX (bd93d6b1-e9c1-4012-a365-f8f5334e7ee5)] -> xpath: //input[@type='SUBMIT']] Not interactable
[[FirefoxDriver: firefox on LINUX (bd93d6b1-e9c1-4012-a365-f8f5334e7ee5)] -> xpath: //input[@type='SUBMIT']] Not interactable
[[FirefoxDriver: firefox on LINUX (bd93d6b1-e9c1-4012-a365-f8f5334e7ee5)] -> xpath: //input[@type='SUBMIT']] Not interactable
[[FirefoxDriver: firefox on LINUX (bd93d6b1-e9c1-4012-a365-f8f5334e7ee5)] -> xpath: //input[@type='SUBMIT']] Not interactable
[[FirefoxDriver: firefox on LINUX (bd93d6b1-e9c1-4012-a365-f8f5334e7ee5)] -> xpath: //input[@type='SUBMIT']] Not interactable
[[FirefoxDriver: firefox on LINUX (bd93d6b1-e9c1-4012-a365-f8f5334e7ee5)] -> xpath: //input[@type='SUBMIT']] Not interactable
[[FirefoxDriver: firefox on LINUX (bd93d6b1-e9c1-4012-a365-f8f5334e7ee5)] -> xpath: //input[@type='SUBMIT']] Not interactable
[[FirefoxDriver: firefox on LINUX (bd93d6b1-e9c1-4012-a365-f8f5334e7ee5)] -> xpath: //*/input[@type='TEXT']] Not interactable
[[FirefoxDriver: firefox on LINUX (bd93d6b1-e9c1-4012-a365-f8f5334e7ee5)] -> xpath: //*/input[@type='TEXT']] Not interactable
[[FirefoxDriver: firefox on LINUX (bd93d6b1-e9c1-4012-a365-f8f5334e7ee5)] -> xpath: //*/input[@type='TEXT']] Not interactable
[[FirefoxDriver: firefox on LINUX (bd93d6b1-e9c1-4012-a365-f8f5334e7ee5)] -> xpath: //input[@type='SUBMIT']] Not interactable
[[FirefoxDriver: firefox on LINUX (bd93d6b1-e9c1-4012-a365-f8f5334e7ee5)] -> xpath: //input[@type='SUBMIT']] Not interactable
[[FirefoxDriver: firefox on LINUX (bd93d6b1-e9c1-4012-a365-f8f5334e7ee5)] -> xpath: //input[@type='SUBMIT']] Not interactable
[[FirefoxDriver: firefox on LINUX (bd93d6b1-e9c1-4012-a365-f8f5334e7ee5)] -> xpath: //input[@type='SUBMIT']] Not interactable
[[FirefoxDriver: firefox on LINUX (bd93d6b1-e9c1-4012-a365-f8f5334e7ee5)] -> xpath: //input[@type='SUBMIT']] Not interactable
[[FirefoxDriver: firefox on LINUX (bd93d6b1-e9c1-4012-a365-f8f5334e7ee5)] -> xpath: //input[@type='SUBMIT']] Not interactable
[[FirefoxDriver: firefox on LINUX (bd93d6b1-e9c1-4012-a365-f8f5334e7ee5)] -> xpath: //input[@type='SUBMIT']] Not interactable
[[FirefoxDriver: firefox on LINUX (bd93d6b1-e9c1-4012-a365-f8f5334e7ee5)] -> xpath: //input[@type='SUBMIT']] Not interactable
[[FirefoxDriver: firefox on LINUX (bd93d6b1-e9c1-4012-a365-f8f5334e7ee5)] -> xpath: //*/input[@type='TEXT']] Not interactable
[[FirefoxDriver: firefox on LINUX (bd93d6b1-e9c1-4012-a365-f8f5334e7ee5)] -> xpath: //*/input[@type='TEXT']] Not interactable
[[FirefoxDriver: firefox on LINUX (bd93d6b1-e9c1-4012-a365-f8f5334e7ee5)] -> xpath: //*/input[@type='TEXT']] Not interactable
[[FirefoxDriver: firefox on LINUX (bd93d6b1-e9c1-4012-a365-f8f5334e7ee5)] -> xpath: //input[@type='SUBMIT']] Not interactable
[[FirefoxDriver: firefox on LINUX (bd93d6b1-e9c1-4012-a365-f8f5334e7ee5)] -> xpath: //input[@type='SUBMIT']] Not interactable
[[FirefoxDriver: firefox on LINUX (bd93d6b1-e9c1-4012-a365-f8f5334e7ee5)] -> xpath: //input[@type='SUBMIT']] Not interactable
[[FirefoxDriver: firefox on LINUX (bd93d6b1-e9c1-4012-a365-f8f5334e7ee5)] -> xpath: //input[@type='SUBMIT']] Not interactable
[[FirefoxDriver: firefox on LINUX (bd93d6b1-e9c1-4012-a365-f8f5334e7ee5)] -> xpath: //input[@type='SUBMIT']] Not interactable
[[FirefoxDriver: firefox on LINUX (bd93d6b1-e9c1-4012-a365-f8f5334e7ee5)] -> xpath: //input[@type='SUBMIT']] Not interactable
[[FirefoxDriver: firefox on LINUX (bd93d6b1-e9c1-4012-a365-f8f5334e7ee5)] -> xpath: //input[@type='SUBMIT']] Not interactable
[[FirefoxDriver: firefox on LINUX (bd93d6b1-e9c1-4012-a365-f8f5334e7ee5)] -> xpath: //input[@type='SUBMIT']] Not interactable
[[FirefoxDriver: firefox on LINUX (bd93d6b1-e9c1-4012-a365-f8f5334e7ee5)] -> xpath: //*/input[@type='TEXT']] Not interactable
[[FirefoxDriver: firefox on LINUX (bd93d6b1-e9c1-4012-a365-f8f5334e7ee5)] -> xpath: //*/input[@type='TEXT']] Not interactable
[[FirefoxDriver: firefox on LINUX (bd93d6b1-e9c1-4012-a365-f8f5334e7ee5)] -> xpath: //*/input[@type='TEXT']] Not interactable
[[FirefoxDriver: firefox on LINUX (bd93d6b1-e9c1-4012-a365-f8f5334e7ee5)] -> xpath: //input[@type='SUBMIT']] Not interactable
[[FirefoxDriver: firefox on LINUX (bd93d6b1-e9c1-4012-a365-f8f5334e7ee5)] -> xpath: //input[@type='SUBMIT']] Not interactable
[[FirefoxDriver: firefox on LINUX (bd93d6b1-e9c1-4012-a365-f8f5334e7ee5)] -> xpath: //input[@type='SUBMIT']] Not interactable
[[FirefoxDriver: firefox on LINUX (bd93d6b1-e9c1-4012-a365-f8f5334e7ee5)] -> xpath: //input[@type='SUBMIT']] Not interactable
[[FirefoxDriver: firefox on LINUX (bd93d6b1-e9c1-4012-a365-f8f5334e7ee5)] -> xpath: //input[@type='SUBMIT']] Not interactable
[[FirefoxDriver: firefox on LINUX (bd93d6b1-e9c1-4012-a365-f8f5334e7ee5)] -> xpath: //input[@type='SUBMIT']] Not interactable
[[FirefoxDriver: firefox on LINUX (bd93d6b1-e9c1-4012-a365-f8f5334e7ee5)] -> xpath: //input[@type='SUBMIT']] Not interactable
[[FirefoxDriver: firefox on LINUX (bd93d6b1-e9c1-4012-a365-f8f5334e7ee5)] -> xpath: //input[@type='SUBMIT']] Not interactable
[[FirefoxDriver: firefox on LINUX (bd93d6b1-e9c1-4012-a365-f8f5334e7ee5)] -> xpath: //*/input[@type='TEXT']] Not interactable
[[FirefoxDriver: firefox on LINUX (bd93d6b1-e9c1-4012-a365-f8f5334e7ee5)] -> xpath: //*/input[@type='TEXT']] Not interactable
[[FirefoxDriver: firefox on LINUX (bd93d6b1-e9c1-4012-a365-f8f5334e7ee5)] -> xpath: //*/input[@type='TEXT']] Not interactable
[[FirefoxDriver: firefox on LINUX (bd93d6b1-e9c1-4012-a365-f8f5334e7ee5)] -> xpath: //input[@type='SUBMIT']] Not interactable
[[FirefoxDriver: firefox on LINUX (bd93d6b1-e9c1-4012-a365-f8f5334e7ee5)] -> xpath: //input[@type='SUBMIT']] Not interactable
[[FirefoxDriver: firefox on LINUX (bd93d6b1-e9c1-4012-a365-f8f5334e7ee5)] -> xpath: //input[@type='SUBMIT']] Not interactable
[[FirefoxDriver: firefox on LINUX (bd93d6b1-e9c1-4012-a365-f8f5334e7ee5)] -> xpath: //input[@type='SUBMIT']] Not interactable
[[FirefoxDriver: firefox on LINUX (bd93d6b1-e9c1-4012-a365-f8f5334e7ee5)] -> xpath: //input[@type='SUBMIT']] Not interactable
[[FirefoxDriver: firefox on LINUX (bd93d6b1-e9c1-4012-a365-f8f5334e7ee5)] -> xpath: //input[@type='SUBMIT']] Not interactable
[[FirefoxDriver: firefox on LINUX (bd93d6b1-e9c1-4012-a365-f8f5334e7ee5)] -> xpath: //input[@type='SUBMIT']] Not interactable
[[FirefoxDriver: firefox on LINUX (bd93d6b1-e9c1-4012-a365-f8f5334e7ee5)] -> xpath: //input[@type='SUBMIT']] Not interactable
[[FirefoxDriver: firefox on LINUX (bd93d6b1-e9c1-4012-a365-f8f5334e7ee5)] -> xpath: //input[@type='SUBMIT']] Not interactable
[[FirefoxDriver: firefox on LINUX (bd93d6b1-e9c1-4012-a365-f8f5334e7ee5)] -> xpath: //*/input[@type='TEXT']] Not interactable
[[FirefoxDriver: firefox on LINUX (bd93d6b1-e9c1-4012-a365-f8f5334e7ee5)] -> xpath: //*/input[@type='TEXT']] Not interactable
[[FirefoxDriver: firefox on LINUX (bd93d6b1-e9c1-4012-a365-f8f5334e7ee5)] -> xpath: //*/input[@type='TEXT']] Not interactable
[[FirefoxDriver: firefox on LINUX (bd93d6b1-e9c1-4012-a365-f8f5334e7ee5)] -> xpath: //input[@type='SUBMIT']] Not interactable
[[FirefoxDriver: firefox on LINUX (bd93d6b1-e9c1-4012-a365-f8f5334e7ee5)] -> xpath: //input[@type='SUBMIT']] Not interactable
[[FirefoxDriver: firefox on LINUX (bd93d6b1-e9c1-4012-a365-f8f5334e7ee5)] -> xpath: //input[@type='SUBMIT']] Not interactable
[[FirefoxDriver: firefox on LINUX (bd93d6b1-e9c1-4012-a365-f8f5334e7ee5)] -> xpath: //input[@type='SUBMIT']] Not interactable
[[FirefoxDriver: firefox on LINUX (bd93d6b1-e9c1-4012-a365-f8f5334e7ee5)] -> xpath: //input[@type='SUBMIT']] Not interactable
[[FirefoxDriver: firefox on LINUX (bd93d6b1-e9c1-4012-a365-f8f5334e7ee5)] -> xpath: //input[@type='SUBMIT']] Not interactable
[[FirefoxDriver: firefox on LINUX (bd93d6b1-e9c1-4012-a365-f8f5334e7ee5)] -> xpath: //input[@type='SUBMIT']] Not interactable
[[FirefoxDriver: firefox on LINUX (bd93d6b1-e9c1-4012-a365-f8f5334e7ee5)] -> xpath: //input[@type='SUBMIT']] Not interactable
[[FirefoxDriver: firefox on LINUX (bd93d6b1-e9c1-4012-a365-f8f5334e7ee5)] -> xpath: //*/input[@type='TEXT']] Not interactable
[[FirefoxDriver: firefox on LINUX (bd93d6b1-e9c1-4012-a365-f8f5334e7ee5)] -> xpath: //*/input[@type='TEXT']] Not interactable
[[FirefoxDriver: firefox on LINUX (bd93d6b1-e9c1-4012-a365-f8f5334e7ee5)] -> xpath: //*/input[@type='TEXT']] Not interactable
[[FirefoxDriver: firefox on LINUX (bd93d6b1-e9c1-4012-a365-f8f5334e7ee5)] -> xpath: //input[@type='SUBMIT']] Not interactable
[[FirefoxDriver: firefox on LINUX (bd93d6b1-e9c1-4012-a365-f8f5334e7ee5)] -> xpath: //input[@type='SUBMIT']] Not interactable
[[FirefoxDriver: firefox on LINUX (bd93d6b1-e9c1-4012-a365-f8f5334e7ee5)] -> xpath: //input[@type='SUBMIT']] Not interactable
[[FirefoxDriver: firefox on LINUX (bd93d6b1-e9c1-4012-a365-f8f5334e7ee5)] -> xpath: //input[@type='SUBMIT']] Not interactable
[[FirefoxDriver: firefox on LINUX (bd93d6b1-e9c1-4012-a365-f8f5334e7ee5)] -> xpath: //input[@type='SUBMIT']] Not interactable
[[FirefoxDriver: firefox on LINUX (bd93d6b1-e9c1-4012-a365-f8f5334e7ee5)] -> xpath: //input[@type='SUBMIT']] Not interactable
[[FirefoxDriver: firefox on LINUX (bd93d6b1-e9c1-4012-a365-f8f5334e7ee5)] -> xpath: //input[@type='SUBMIT']] Not interactable
[[FirefoxDriver: firefox on LINUX (bd93d6b1-e9c1-4012-a365-f8f5334e7ee5)] -> xpath: //input[@type='SUBMIT']] Not interactable
[[FirefoxDriver: firefox on LINUX (bd93d6b1-e9c1-4012-a365-f8f5334e7ee5)] -> xpath: //*/input[@type='TEXT']] Not interactable
[[FirefoxDriver: firefox on LINUX (bd93d6b1-e9c1-4012-a365-f8f5334e7ee5)] -> xpath: //*/input[@type='TEXT']] Not interactable
[[FirefoxDriver: firefox on LINUX (bd93d6b1-e9c1-4012-a365-f8f5334e7ee5)] -> xpath: //*/input[@type='TEXT']] Not interactable
[[FirefoxDriver: firefox on LINUX (bd93d6b1-e9c1-4012-a365-f8f5334e7ee5)] -> xpath: //input[@type='SUBMIT']] Not interactable
[[FirefoxDriver: firefox on LINUX (bd93d6b1-e9c1-4012-a365-f8f5334e7ee5)] -> xpath: //input[@type='SUBMIT']] Not interactable
[[FirefoxDriver: firefox on LINUX (bd93d6b1-e9c1-4012-a365-f8f5334e7ee5)] -> xpath: //input[@type='SUBMIT']] Not interactable
[[FirefoxDriver: firefox on LINUX (bd93d6b1-e9c1-4012-a365-f8f5334e7ee5)] -> xpath: //input[@type='SUBMIT']] Not interactable
[[FirefoxDriver: firefox on LINUX (bd93d6b1-e9c1-4012-a365-f8f5334e7ee5)] -> xpath: //input[@type='SUBMIT']] Not interactable
[[FirefoxDriver: firefox on LINUX (bd93d6b1-e9c1-4012-a365-f8f5334e7ee5)] -> xpath: //input[@type='SUBMIT']] Not interactable
[[FirefoxDriver: firefox on LINUX (bd93d6b1-e9c1-4012-a365-f8f5334e7ee5)] -> xpath: //input[@type='SUBMIT']] Not interactable
[[FirefoxDriver: firefox on LINUX (bd93d6b1-e9c1-4012-a365-f8f5334e7ee5)] -> xpath: //input[@type='SUBMIT']] Not interactable
[[FirefoxDriver: firefox on LINUX (bd93d6b1-e9c1-4012-a365-f8f5334e7ee5)] -> xpath: //*/input[@type='TEXT']] Not interactable
[[FirefoxDriver: firefox on LINUX (bd93d6b1-e9c1-4012-a365-f8f5334e7ee5)] -> xpath: //*/input[@type='TEXT']] Not interactable
[[FirefoxDriver: firefox on LINUX (bd93d6b1-e9c1-4012-a365-f8f5334e7ee5)] -> xpath: //*/input[@type='TEXT']] Not interactable
[[FirefoxDriver: firefox on LINUX (bd93d6b1-e9c1-4012-a365-f8f5334e7ee5)] -> xpath: //input[@type='SUBMIT']] Not interactable
[[FirefoxDriver: firefox on LINUX (bd93d6b1-e9c1-4012-a365-f8f5334e7ee5)] -> xpath: //input[@type='SUBMIT']] Not interactable
[[FirefoxDriver: firefox on LINUX (bd93d6b1-e9c1-4012-a365-f8f5334e7ee5)] -> xpath: //input[@type='SUBMIT']] Not interactable
[[FirefoxDriver: firefox on LINUX (bd93d6b1-e9c1-4012-a365-f8f5334e7ee5)] -> xpath: //input[@type='SUBMIT']] Not interactable
[[FirefoxDriver: firefox on LINUX (bd93d6b1-e9c1-4012-a365-f8f5334e7ee5)] -> xpath: //input[@type='SUBMIT']] Not interactable
[[FirefoxDriver: firefox on LINUX (bd93d6b1-e9c1-4012-a365-f8f5334e7ee5)] -> xpath: //input[@type='SUBMIT']] Not interactable
[[FirefoxDriver: firefox on LINUX (bd93d6b1-e9c1-4012-a365-f8f5334e7ee5)] -> xpath: //input[@type='SUBMIT']] Not interactable
[[FirefoxDriver: firefox on LINUX (bd93d6b1-e9c1-4012-a365-f8f5334e7ee5)] -> xpath: //input[@type='SUBMIT']] Not interactable
[[FirefoxDriver: firefox on LINUX (bd93d6b1-e9c1-4012-a365-f8f5334e7ee5)] -> xpath: //*/input[@type='TEXT']] Not interactable
[[FirefoxDriver: firefox on LINUX (bd93d6b1-e9c1-4012-a365-f8f5334e7ee5)] -> xpath: //*/input[@type='TEXT']] Not interactable
[[FirefoxDriver: firefox on LINUX (bd93d6b1-e9c1-4012-a365-f8f5334e7ee5)] -> xpath: //*/input[@type='TEXT']] Not interactable
[[FirefoxDriver: firefox on LINUX (bd93d6b1-e9c1-4012-a365-f8f5334e7ee5)] -> xpath: //input[@type='SUBMIT']] Not interactable
[[FirefoxDriver: firefox on LINUX (bd93d6b1-e9c1-4012-a365-f8f5334e7ee5)] -> xpath: //input[@type='SUBMIT']] Not interactable
[[FirefoxDriver: firefox on LINUX (bd93d6b1-e9c1-4012-a365-f8f5334e7ee5)] -> xpath: //input[@type='SUBMIT']] Not interactable
[[FirefoxDriver: firefox on LINUX (bd93d6b1-e9c1-4012-a365-f8f5334e7ee5)] -> xpath: //input[@type='SUBMIT']] Not interactable
[[FirefoxDriver: firefox on LINUX (bd93d6b1-e9c1-4012-a365-f8f5334e7ee5)] -> xpath: //input[@type='SUBMIT']] Not interactable
[[FirefoxDriver: firefox on LINUX (bd93d6b1-e9c1-4012-a365-f8f5334e7ee5)] -> xpath: //input[@type='SUBMIT']] Not interactable
[[FirefoxDriver: firefox on LINUX (bd93d6b1-e9c1-4012-a365-f8f5334e7ee5)] -> xpath: //input[@type='SUBMIT']] Not interactable
[[FirefoxDriver: firefox on LINUX (bd93d6b1-e9c1-4012-a365-f8f5334e7ee5)] -> xpath: //input[@type='SUBMIT']] Not interactable
[[FirefoxDriver: firefox on LINUX (bd93d6b1-e9c1-4012-a365-f8f5334e7ee5)] -> xpath: //*/input[@type='TEXT']] Not interactable
[[FirefoxDriver: firefox on LINUX (bd93d6b1-e9c1-4012-a365-f8f5334e7ee5)] -> xpath: //*/input[@type='TEXT']] Not interactable
[[FirefoxDriver: firefox on LINUX (bd93d6b1-e9c1-4012-a365-f8f5334e7ee5)] -> xpath: //*/input[@type='TEXT']] Not interactable
[[FirefoxDriver: firefox on LINUX (bd93d6b1-e9c1-4012-a365-f8f5334e7ee5)] -> xpath: //input[@type='SUBMIT']] Not interactable
[[FirefoxDriver: firefox on LINUX (bd93d6b1-e9c1-4012-a365-f8f5334e7ee5)] -> xpath: //input[@type='SUBMIT']] Not interactable
[[FirefoxDriver: firefox on LINUX (bd93d6b1-e9c1-4012-a365-f8f5334e7ee5)] -> xpath: //input[@type='SUBMIT']] Not interactable
[[FirefoxDriver: firefox on LINUX (bd93d6b1-e9c1-4012-a365-f8f5334e7ee5)] -> xpath: //input[@type='SUBMIT']] Not interactable
[[FirefoxDriver: firefox on LINUX (bd93d6b1-e9c1-4012-a365-f8f5334e7ee5)] -> xpath: //input[@type='SUBMIT']] Not interactable
[[FirefoxDriver: firefox on LINUX (bd93d6b1-e9c1-4012-a365-f8f5334e7ee5)] -> xpath: //input[@type='SUBMIT']] Not interactable
[[FirefoxDriver: firefox on LINUX (bd93d6b1-e9c1-4012-a365-f8f5334e7ee5)] -> xpath: //input[@type='SUBMIT']] Not interactable
[[FirefoxDriver: firefox on LINUX (bd93d6b1-e9c1-4012-a365-f8f5334e7ee5)] -> xpath: //input[@type='SUBMIT']] Not interactable
[[FirefoxDriver: firefox on LINUX (bd93d6b1-e9c1-4012-a365-f8f5334e7ee5)] -> xpath: //*/input[@type='TEXT']] Not interactable
[[FirefoxDriver: firefox on LINUX (bd93d6b1-e9c1-4012-a365-f8f5334e7ee5)] -> xpath: //*/input[@type='TEXT']] Not interactable
[[FirefoxDriver: firefox on LINUX (bd93d6b1-e9c1-4012-a365-f8f5334e7ee5)] -> xpath: //*/input[@type='TEXT']] Not interactable
[[FirefoxDriver: firefox on LINUX (bd93d6b1-e9c1-4012-a365-f8f5334e7ee5)] -> xpath: //input[@type='SUBMIT']] Not interactable
[[FirefoxDriver: firefox on LINUX (bd93d6b1-e9c1-4012-a365-f8f5334e7ee5)] -> xpath: //input[@type='SUBMIT']] Not interactable
[[FirefoxDriver: firefox on LINUX (bd93d6b1-e9c1-4012-a365-f8f5334e7ee5)] -> xpath: //input[@type='SUBMIT']] Not interactable
[[FirefoxDriver: firefox on LINUX (bd93d6b1-e9c1-4012-a365-f8f5334e7ee5)] -> xpath: //input[@type='SUBMIT']] Not interactable
[[FirefoxDriver: firefox on LINUX (bd93d6b1-e9c1-4012-a365-f8f5334e7ee5)] -> xpath: //input[@type='SUBMIT']] Not interactable
[[FirefoxDriver: firefox on LINUX (bd93d6b1-e9c1-4012-a365-f8f5334e7ee5)] -> xpath: //input[@type='SUBMIT']] Not interactable
[[FirefoxDriver: firefox on LINUX (bd93d6b1-e9c1-4012-a365-f8f5334e7ee5)] -> xpath: //input[@type='SUBMIT']] Not interactable
[[FirefoxDriver: firefox on LINUX (bd93d6b1-e9c1-4012-a365-f8f5334e7ee5)] -> xpath: //input[@type='SUBMIT']] Not interactable
[[FirefoxDriver: firefox on LINUX (bd93d6b1-e9c1-4012-a365-f8f5334e7ee5)] -> xpath: //*/input[@type='TEXT']] Not interactable
[[FirefoxDriver: firefox on LINUX (bd93d6b1-e9c1-4012-a365-f8f5334e7ee5)] -> xpath: //*/input[@type='TEXT']] Not interactable
[[FirefoxDriver: firefox on LINUX (bd93d6b1-e9c1-4012-a365-f8f5334e7ee5)] -> xpath: //*/input[@type='TEXT']] Not interactable
[[FirefoxDriver: firefox on LINUX (bd93d6b1-e9c1-4012-a365-f8f5334e7ee5)] -> xpath: //input[@type='SUBMIT']] Not interactable
[[FirefoxDriver: firefox on LINUX (bd93d6b1-e9c1-4012-a365-f8f5334e7ee5)] -> xpath: //input[@type='SUBMIT']] Not interactable
[[FirefoxDriver: firefox on LINUX (bd93d6b1-e9c1-4012-a365-f8f5334e7ee5)] -> xpath: //input[@type='SUBMIT']] Not interactable
[[FirefoxDriver: firefox on LINUX (bd93d6b1-e9c1-4012-a365-f8f5334e7ee5)] -> xpath: //input[@type='SUBMIT']] Not interactable
[[FirefoxDriver: firefox on LINUX (bd93d6b1-e9c1-4012-a365-f8f5334e7ee5)] -> xpath: //input[@type='SUBMIT']] Not interactable
[[FirefoxDriver: firefox on LINUX (bd93d6b1-e9c1-4012-a365-f8f5334e7ee5)] -> xpath: //input[@type='SUBMIT']] Not interactable
[[FirefoxDriver: firefox on LINUX (bd93d6b1-e9c1-4012-a365-f8f5334e7ee5)] -> xpath: //input[@type='SUBMIT']] Not interactable
[[FirefoxDriver: firefox on LINUX (bd93d6b1-e9c1-4012-a365-f8f5334e7ee5)] -> xpath: //input[@type='SUBMIT']] Not interactable
[[FirefoxDriver: firefox on LINUX (bd93d6b1-e9c1-4012-a365-f8f5334e7ee5)] -> xpath: //*/input[@type='TEXT']] Not interactable
[[FirefoxDriver: firefox on LINUX (bd93d6b1-e9c1-4012-a365-f8f5334e7ee5)] -> xpath: //*/input[@type='TEXT']] Not interactable
[[FirefoxDriver: firefox on LINUX (bd93d6b1-e9c1-4012-a365-f8f5334e7ee5)] -> xpath: //*/input[@type='TEXT']] Not interactable
[[FirefoxDriver: firefox on LINUX (bd93d6b1-e9c1-4012-a365-f8f5334e7ee5)] -> xpath: //input[@type='SUBMIT']] Not interactable
[[FirefoxDriver: firefox on LINUX (bd93d6b1-e9c1-4012-a365-f8f5334e7ee5)] -> xpath: //input[@type='SUBMIT']] Not interactable
[[FirefoxDriver: firefox on LINUX (bd93d6b1-e9c1-4012-a365-f8f5334e7ee5)] -> xpath: //input[@type='SUBMIT']] Not interactable
[[FirefoxDriver: firefox on LINUX (bd93d6b1-e9c1-4012-a365-f8f5334e7ee5)] -> xpath: //input[@type='SUBMIT']] Not interactable
[[FirefoxDriver: firefox on LINUX (bd93d6b1-e9c1-4012-a365-f8f5334e7ee5)] -> xpath: //input[@type='SUBMIT']] Not interactable
[[FirefoxDriver: firefox on LINUX (bd93d6b1-e9c1-4012-a365-f8f5334e7ee5)] -> xpath: //input[@type='SUBMIT']] Not interactable
[[FirefoxDriver: firefox on LINUX (bd93d6b1-e9c1-4012-a365-f8f5334e7ee5)] -> xpath: //input[@type='SUBMIT']] Not interactable
[[FirefoxDriver: firefox on LINUX (bd93d6b1-e9c1-4012-a365-f8f5334e7ee5)] -> xpath: //input[@type='SUBMIT']] Not interactable
[[FirefoxDriver: firefox on LINUX (bd93d6b1-e9c1-4012-a365-f8f5334e7ee5)] -> xpath: //*/input[@type='TEXT']] Not interactable
[[FirefoxDriver: firefox on LINUX (bd93d6b1-e9c1-4012-a365-f8f5334e7ee5)] -> xpath: //*/input[@type='TEXT']] Not interactable
[[FirefoxDriver: firefox on LINUX (bd93d6b1-e9c1-4012-a365-f8f5334e7ee5)] -> xpath: //*/input[@type='TEXT']] Not interactable
[[FirefoxDriver: firefox on LINUX (bd93d6b1-e9c1-4012-a365-f8f5334e7ee5)] -> xpath: //input[@type='SUBMIT']] Not interactable
[[FirefoxDriver: firefox on LINUX (bd93d6b1-e9c1-4012-a365-f8f5334e7ee5)] -> xpath: //input[@type='SUBMIT']] Not interactable
[[FirefoxDriver: firefox on LINUX (bd93d6b1-e9c1-4012-a365-f8f5334e7ee5)] -> xpath: //input[@type='SUBMIT']] Not interactable
[[FirefoxDriver: firefox on LINUX (bd93d6b1-e9c1-4012-a365-f8f5334e7ee5)] -> xpath: //input[@type='SUBMIT']] Not interactable
[[FirefoxDriver: firefox on LINUX (bd93d6b1-e9c1-4012-a365-f8f5334e7ee5)] -> xpath: //input[@type='SUBMIT']] Not interactable
[[FirefoxDriver: firefox on LINUX (bd93d6b1-e9c1-4012-a365-f8f5334e7ee5)] -> xpath: //input[@type='SUBMIT']] Not interactable
[[FirefoxDriver: firefox on LINUX (bd93d6b1-e9c1-4012-a365-f8f5334e7ee5)] -> xpath: //input[@type='SUBMIT']] Not interactable
[[FirefoxDriver: firefox on LINUX (bd93d6b1-e9c1-4012-a365-f8f5334e7ee5)] -> xpath: //input[@type='SUBMIT']] Not interactable
[[FirefoxDriver: firefox on LINUX (bd93d6b1-e9c1-4012-a365-f8f5334e7ee5)] -> xpath: //*/input[@type='TEXT']] Not interactable
[[FirefoxDriver: firefox on LINUX (bd93d6b1-e9c1-4012-a365-f8f5334e7ee5)] -> xpath: //*/input[@type='TEXT']] Not interactable
[[FirefoxDriver: firefox on LINUX (bd93d6b1-e9c1-4012-a365-f8f5334e7ee5)] -> xpath: //*/input[@type='TEXT']] Not interactable
[[FirefoxDriver: firefox on LINUX (bd93d6b1-e9c1-4012-a365-f8f5334e7ee5)] -> xpath: //input[@type='SUBMIT']] Not interactable
[[FirefoxDriver: firefox on LINUX (bd93d6b1-e9c1-4012-a365-f8f5334e7ee5)] -> xpath: //input[@type='SUBMIT']] Not interactable
[[FirefoxDriver: firefox on LINUX (bd93d6b1-e9c1-4012-a365-f8f5334e7ee5)] -> xpath: //input[@type='SUBMIT']] Not interactable
[[FirefoxDriver: firefox on LINUX (bd93d6b1-e9c1-4012-a365-f8f5334e7ee5)] -> xpath: //input[@type='SUBMIT']] Not interactable
[[FirefoxDriver: firefox on LINUX (bd93d6b1-e9c1-4012-a365-f8f5334e7ee5)] -> xpath: //input[@type='SUBMIT']] Not interactable
[[FirefoxDriver: firefox on LINUX (bd93d6b1-e9c1-4012-a365-f8f5334e7ee5)] -> xpath: //input[@type='SUBMIT']] Not interactable
[[FirefoxDriver: firefox on LINUX (bd93d6b1-e9c1-4012-a365-f8f5334e7ee5)] -> xpath: //input[@type='SUBMIT']] Not interactable
[[FirefoxDriver: firefox on LINUX (bd93d6b1-e9c1-4012-a365-f8f5334e7ee5)] -> xpath: //input[@type='SUBMIT']] Not interactable
[[FirefoxDriver: firefox on LINUX (bd93d6b1-e9c1-4012-a365-f8f5334e7ee5)] -> xpath: //*/input[@type='TEXT']] Not interactable
[[FirefoxDriver: firefox on LINUX (bd93d6b1-e9c1-4012-a365-f8f5334e7ee5)] -> xpath: //*/input[@type='TEXT']] Not interactable
[[FirefoxDriver: firefox on LINUX (bd93d6b1-e9c1-4012-a365-f8f5334e7ee5)] -> xpath: //*/input[@type='TEXT']] Not interactable
[[FirefoxDriver: firefox on LINUX (bd93d6b1-e9c1-4012-a365-f8f5334e7ee5)] -> xpath: //input[@type='SUBMIT']] Not interactable
[[FirefoxDriver: firefox on LINUX (bd93d6b1-e9c1-4012-a365-f8f5334e7ee5)] -> xpath: //input[@type='SUBMIT']] Not interactable
[[FirefoxDriver: firefox on LINUX (bd93d6b1-e9c1-4012-a365-f8f5334e7ee5)] -> xpath: //input[@type='SUBMIT']] Not interactable
[[FirefoxDriver: firefox on LINUX (bd93d6b1-e9c1-4012-a365-f8f5334e7ee5)] -> xpath: //input[@type='SUBMIT']] Not interactable
[[FirefoxDriver: firefox on LINUX (bd93d6b1-e9c1-4012-a365-f8f5334e7ee5)] -> xpath: //input[@type='SUBMIT']] Not interactable
[[FirefoxDriver: firefox on LINUX (bd93d6b1-e9c1-4012-a365-f8f5334e7ee5)] -> xpath: //input[@type='SUBMIT']] Not interactable
[[FirefoxDriver: firefox on LINUX (bd93d6b1-e9c1-4012-a365-f8f5334e7ee5)] -> xpath: //input[@type='SUBMIT']] Not interactable
[[FirefoxDriver: firefox on LINUX (bd93d6b1-e9c1-4012-a365-f8f5334e7ee5)] -> xpath: //input[@type='SUBMIT']] Not interactable
[[FirefoxDriver: firefox on LINUX (bd93d6b1-e9c1-4012-a365-f8f5334e7ee5)] -> xpath: //*/input[@type='TEXT']] Not interactable
[[FirefoxDriver: firefox on LINUX (bd93d6b1-e9c1-4012-a365-f8f5334e7ee5)] -> xpath: //*/input[@type='TEXT']] Not interactable
[[FirefoxDriver: firefox on LINUX (bd93d6b1-e9c1-4012-a365-f8f5334e7ee5)] -> xpath: //*/input[@type='TEXT']] Not interactable
[[FirefoxDriver: firefox on LINUX (bd93d6b1-e9c1-4012-a365-f8f5334e7ee5)] -> xpath: //input[@type='SUBMIT']] Not interactable
[[FirefoxDriver: firefox on LINUX (bd93d6b1-e9c1-4012-a365-f8f5334e7ee5)] -> xpath: //input[@type='SUBMIT']] Not interactable
[[FirefoxDriver: firefox on LINUX (bd93d6b1-e9c1-4012-a365-f8f5334e7ee5)] -> xpath: //input[@type='SUBMIT']] Not interactable
[[FirefoxDriver: firefox on LINUX (bd93d6b1-e9c1-4012-a365-f8f5334e7ee5)] -> xpath: //input[@type='SUBMIT']] Not interactable
[[FirefoxDriver: firefox on LINUX (bd93d6b1-e9c1-4012-a365-f8f5334e7ee5)] -> xpath: //input[@type='SUBMIT']] Not interactable
[[FirefoxDriver: firefox on LINUX (bd93d6b1-e9c1-4012-a365-f8f5334e7ee5)] -> xpath: //input[@type='SUBMIT']] Not interactable
[[FirefoxDriver: firefox on LINUX (bd93d6b1-e9c1-4012-a365-f8f5334e7ee5)] -> xpath: //input[@type='SUBMIT']] Not interactable
[[FirefoxDriver: firefox on LINUX (bd93d6b1-e9c1-4012-a365-f8f5334e7ee5)] -> xpath: //input[@type='SUBMIT']] Not interactable
[[FirefoxDriver: firefox on LINUX (bd93d6b1-e9c1-4012-a365-f8f5334e7ee5)] -> xpath: //*/input[@type='TEXT']] Not interactable
[[FirefoxDriver: firefox on LINUX (bd93d6b1-e9c1-4012-a365-f8f5334e7ee5)] -> xpath: //*/input[@type='TEXT']] Not interactable
[[FirefoxDriver: firefox on LINUX (bd93d6b1-e9c1-4012-a365-f8f5334e7ee5)] -> xpath: //*/input[@type='TEXT']] Not interactable
[[FirefoxDriver: firefox on LINUX (bd93d6b1-e9c1-4012-a365-f8f5334e7ee5)] -> xpath: //input[@type='SUBMIT']] Not interactable
[[FirefoxDriver: firefox on LINUX (bd93d6b1-e9c1-4012-a365-f8f5334e7ee5)] -> xpath: //input[@type='SUBMIT']] Not interactable
[[FirefoxDriver: firefox on LINUX (bd93d6b1-e9c1-4012-a365-f8f5334e7ee5)] -> xpath: //input[@type='SUBMIT']] Not interactable
[[FirefoxDriver: firefox on LINUX (bd93d6b1-e9c1-4012-a365-f8f5334e7ee5)] -> xpath: //input[@type='SUBMIT']] Not interactable
[[FirefoxDriver: firefox on LINUX (bd93d6b1-e9c1-4012-a365-f8f5334e7ee5)] -> xpath: //input[@type='SUBMIT']] Not interactable
[[FirefoxDriver: firefox on LINUX (bd93d6b1-e9c1-4012-a365-f8f5334e7ee5)] -> xpath: //input[@type='SUBMIT']] Not interactable
[[FirefoxDriver: firefox on LINUX (bd93d6b1-e9c1-4012-a365-f8f5334e7ee5)] -> xpath: //input[@type='SUBMIT']] Not interactable
[[FirefoxDriver: firefox on LINUX (bd93d6b1-e9c1-4012-a365-f8f5334e7ee5)] -> xpath: //input[@type='SUBMIT']] Not interactable
[[FirefoxDriver: firefox on LINUX (bd93d6b1-e9c1-4012-a365-f8f5334e7ee5)] -> xpath: //*/input[@type='TEXT']] Not interactable
[[FirefoxDriver: firefox on LINUX (bd93d6b1-e9c1-4012-a365-f8f5334e7ee5)] -> xpath: //*/input[@type='TEXT']] Not interactable
[[FirefoxDriver: firefox on LINUX (bd93d6b1-e9c1-4012-a365-f8f5334e7ee5)] -> xpath: //*/input[@type='TEXT']] Not interactable
[[FirefoxDriver: firefox on LINUX (bd93d6b1-e9c1-4012-a365-f8f5334e7ee5)] -> xpath: //input[@type='SUBMIT']] Not interactable
[[FirefoxDriver: firefox on LINUX (bd93d6b1-e9c1-4012-a365-f8f5334e7ee5)] -> xpath: //input[@type='SUBMIT']] Not interactable
[[FirefoxDriver: firefox on LINUX (bd93d6b1-e9c1-4012-a365-f8f5334e7ee5)] -> xpath: //input[@type='SUBMIT']] Not interactable
[[FirefoxDriver: firefox on LINUX (bd93d6b1-e9c1-4012-a365-f8f5334e7ee5)] -> xpath: //input[@type='SUBMIT']] Not interactable
[[FirefoxDriver: firefox on LINUX (bd93d6b1-e9c1-4012-a365-f8f5334e7ee5)] -> xpath: //input[@type='SUBMIT']] Not interactable
[[FirefoxDriver: firefox on LINUX (bd93d6b1-e9c1-4012-a365-f8f5334e7ee5)] -> xpath: //input[@type='SUBMIT']] Not interactable
[[FirefoxDriver: firefox on LINUX (bd93d6b1-e9c1-4012-a365-f8f5334e7ee5)] -> xpath: //input[@type='SUBMIT']] Not interactable
[[FirefoxDriver: firefox on LINUX (bd93d6b1-e9c1-4012-a365-f8f5334e7ee5)] -> xpath: //input[@type='SUBMIT']] Not interactable
[[FirefoxDriver: firefox on LINUX (bd93d6b1-e9c1-4012-a365-f8f5334e7ee5)] -> xpath: //*/input[@type='TEXT']] Not interactable
[[FirefoxDriver: firefox on LINUX (bd93d6b1-e9c1-4012-a365-f8f5334e7ee5)] -> xpath: //*/input[@type='TEXT']] Not interactable
[[FirefoxDriver: firefox on LINUX (bd93d6b1-e9c1-4012-a365-f8f5334e7ee5)] -> xpath: //*/input[@type='TEXT']] Not interactable
[[FirefoxDriver: firefox on LINUX (bd93d6b1-e9c1-4012-a365-f8f5334e7ee5)] -> xpath: //input[@type='SUBMIT']] Not interactable
[[FirefoxDriver: firefox on LINUX (bd93d6b1-e9c1-4012-a365-f8f5334e7ee5)] -> xpath: //input[@type='SUBMIT']] Not interactable
[[FirefoxDriver: firefox on LINUX (bd93d6b1-e9c1-4012-a365-f8f5334e7ee5)] -> xpath: //input[@type='SUBMIT']] Not interactable
[[FirefoxDriver: firefox on LINUX (bd93d6b1-e9c1-4012-a365-f8f5334e7ee5)] -> xpath: //input[@type='SUBMIT']] Not interactable
[[FirefoxDriver: firefox on LINUX (bd93d6b1-e9c1-4012-a365-f8f5334e7ee5)] -> xpath: //input[@type='SUBMIT']] Not interactable
[[FirefoxDriver: firefox on LINUX (bd93d6b1-e9c1-4012-a365-f8f5334e7ee5)] -> xpath: //input[@type='SUBMIT']] Not interactable
[[FirefoxDriver: firefox on LINUX (bd93d6b1-e9c1-4012-a365-f8f5334e7ee5)] -> xpath: //input[@type='SUBMIT']] Not interactable
[[FirefoxDriver: firefox on LINUX (bd93d6b1-e9c1-4012-a365-f8f5334e7ee5)] -> xpath: //input[@type='SUBMIT']] Not interactable
[[FirefoxDriver: firefox on LINUX (bd93d6b1-e9c1-4012-a365-f8f5334e7ee5)] -> xpath: //*/input[@type='TEXT']] Not interactable
[[FirefoxDriver: firefox on LINUX (bd93d6b1-e9c1-4012-a365-f8f5334e7ee5)] -> xpath: //*/input[@type='TEXT']] Not interactable
[[FirefoxDriver: firefox on LINUX (bd93d6b1-e9c1-4012-a365-f8f5334e7ee5)] -> xpath: //*/input[@type='TEXT']] Not interactable
[[FirefoxDriver: firefox on LINUX (bd93d6b1-e9c1-4012-a365-f8f5334e7ee5)] -> xpath: //input[@type='SUBMIT']] Not interactable
[[FirefoxDriver: firefox on LINUX (bd93d6b1-e9c1-4012-a365-f8f5334e7ee5)] -> xpath: //input[@type='SUBMIT']] Not interactable
[[FirefoxDriver: firefox on LINUX (bd93d6b1-e9c1-4012-a365-f8f5334e7ee5)] -> xpath: //input[@type='SUBMIT']] Not interactable
[[FirefoxDriver: firefox on LINUX (bd93d6b1-e9c1-4012-a365-f8f5334e7ee5)] -> xpath: //input[@type='SUBMIT']] Not interactable
[[FirefoxDriver: firefox on LINUX (bd93d6b1-e9c1-4012-a365-f8f5334e7ee5)] -> xpath: //input[@type='SUBMIT']] Not interactable
[[FirefoxDriver: firefox on LINUX (bd93d6b1-e9c1-4012-a365-f8f5334e7ee5)] -> xpath: //input[@type='SUBMIT']] Not interactable
[[FirefoxDriver: firefox on LINUX (bd93d6b1-e9c1-4012-a365-f8f5334e7ee5)] -> xpath: //input[@type='SUBMIT']] Not interactable
[[FirefoxDriver: firefox on LINUX (bd93d6b1-e9c1-4012-a365-f8f5334e7ee5)] -> xpath: //input[@type='SUBMIT']] Not interactable
[[FirefoxDriver: firefox on LINUX (bd93d6b1-e9c1-4012-a365-f8f5334e7ee5)] -> xpath: //*/input[@type='TEXT']] Not interactable
[[FirefoxDriver: firefox on LINUX (bd93d6b1-e9c1-4012-a365-f8f5334e7ee5)] -> xpath: //*/input[@type='TEXT']] Not interactable
[[FirefoxDriver: firefox on LINUX (bd93d6b1-e9c1-4012-a365-f8f5334e7ee5)] -> xpath: //*/input[@type='TEXT']] Not interactable
[[FirefoxDriver: firefox on LINUX (bd93d6b1-e9c1-4012-a365-f8f5334e7ee5)] -> xpath: //input[@type='SUBMIT']] Not interactable
[[FirefoxDriver: firefox on LINUX (bd93d6b1-e9c1-4012-a365-f8f5334e7ee5)] -> xpath: //input[@type='SUBMIT']] Not interactable
[[FirefoxDriver: firefox on LINUX (bd93d6b1-e9c1-4012-a365-f8f5334e7ee5)] -> xpath: //input[@type='SUBMIT']] Not interactable
[[FirefoxDriver: firefox on LINUX (bd93d6b1-e9c1-4012-a365-f8f5334e7ee5)] -> xpath: //input[@type='SUBMIT']] Not interactable
[[FirefoxDriver: firefox on LINUX (bd93d6b1-e9c1-4012-a365-f8f5334e7ee5)] -> xpath: //input[@type='SUBMIT']] Not interactable
[[FirefoxDriver: firefox on LINUX (bd93d6b1-e9c1-4012-a365-f8f5334e7ee5)] -> xpath: //input[@type='SUBMIT']] Not interactable
[[FirefoxDriver: firefox on LINUX (bd93d6b1-e9c1-4012-a365-f8f5334e7ee5)] -> xpath: //input[@type='SUBMIT']] Not interactable
[[FirefoxDriver: firefox on LINUX (bd93d6b1-e9c1-4012-a365-f8f5334e7ee5)] -> xpath: //input[@type='SUBMIT']] Not interactable
[[FirefoxDriver: firefox on LINUX (bd93d6b1-e9c1-4012-a365-f8f5334e7ee5)] -> xpath: //*/input[@type='TEXT']] Not interactable
[[FirefoxDriver: firefox on LINUX (bd93d6b1-e9c1-4012-a365-f8f5334e7ee5)] -> xpath: //*/input[@type='TEXT']] Not interactable
[[FirefoxDriver: firefox on LINUX (bd93d6b1-e9c1-4012-a365-f8f5334e7ee5)] -> xpath: //*/input[@type='TEXT']] Not interactable
[[FirefoxDriver: firefox on LINUX (bd93d6b1-e9c1-4012-a365-f8f5334e7ee5)] -> xpath: //input[@type='SUBMIT']] Not interactable
[[FirefoxDriver: firefox on LINUX (bd93d6b1-e9c1-4012-a365-f8f5334e7ee5)] -> xpath: //input[@type='SUBMIT']] Not interactable
[[FirefoxDriver: firefox on LINUX (bd93d6b1-e9c1-4012-a365-f8f5334e7ee5)] -> xpath: //input[@type='SUBMIT']] Not interactable
[[FirefoxDriver: firefox on LINUX (bd93d6b1-e9c1-4012-a365-f8f5334e7ee5)] -> xpath: //input[@type='SUBMIT']] Not interactable
[[FirefoxDriver: firefox on LINUX (bd93d6b1-e9c1-4012-a365-f8f5334e7ee5)] -> xpath: //input[@type='SUBMIT']] Not interactable
[[FirefoxDriver: firefox on LINUX (bd93d6b1-e9c1-4012-a365-f8f5334e7ee5)] -> xpath: //input[@type='SUBMIT']] Not interactable
[[FirefoxDriver: firefox on LINUX (bd93d6b1-e9c1-4012-a365-f8f5334e7ee5)] -> xpath: //input[@type='SUBMIT']] Not interactable
[[FirefoxDriver: firefox on LINUX (bd93d6b1-e9c1-4012-a365-f8f5334e7ee5)] -> xpath: //input[@type='SUBMIT']] Not interactable
[[FirefoxDriver: firefox on LINUX (bd93d6b1-e9c1-4012-a365-f8f5334e7ee5)] -> xpath: //*/input[@type='TEXT']] Not interactable
[[FirefoxDriver: firefox on LINUX (bd93d6b1-e9c1-4012-a365-f8f5334e7ee5)] -> xpath: //*/input[@type='TEXT']] Not interactable
[[FirefoxDriver: firefox on LINUX (bd93d6b1-e9c1-4012-a365-f8f5334e7ee5)] -> xpath: //*/input[@type='TEXT']] Not interactable
[[FirefoxDriver: firefox on LINUX (bd93d6b1-e9c1-4012-a365-f8f5334e7ee5)] -> xpath: //input[@type='SUBMIT']] Not interactable
[[FirefoxDriver: firefox on LINUX (bd93d6b1-e9c1-4012-a365-f8f5334e7ee5)] -> xpath: //input[@type='SUBMIT']] Not interactable
[[FirefoxDriver: firefox on LINUX (bd93d6b1-e9c1-4012-a365-f8f5334e7ee5)] -> xpath: //input[@type='SUBMIT']] Not interactable
[[FirefoxDriver: firefox on LINUX (bd93d6b1-e9c1-4012-a365-f8f5334e7ee5)] -> xpath: //input[@type='SUBMIT']] Not interactable
[[FirefoxDriver: firefox on LINUX (bd93d6b1-e9c1-4012-a365-f8f5334e7ee5)] -> xpath: //input[@type='SUBMIT']] Not interactable
[[FirefoxDriver: firefox on LINUX (bd93d6b1-e9c1-4012-a365-f8f5334e7ee5)] -> xpath: //input[@type='SUBMIT']] Not interactable
[[FirefoxDriver: firefox on LINUX (bd93d6b1-e9c1-4012-a365-f8f5334e7ee5)] -> xpath: //input[@type='SUBMIT']] Not interactable
[[FirefoxDriver: firefox on LINUX (bd93d6b1-e9c1-4012-a365-f8f5334e7ee5)] -> xpath: //input[@type='SUBMIT']] Not interactable
[[FirefoxDriver: firefox on LINUX (bd93d6b1-e9c1-4012-a365-f8f5334e7ee5)] -> xpath: //*/input[@type='TEXT']] Not interactable
[[FirefoxDriver: firefox on LINUX (bd93d6b1-e9c1-4012-a365-f8f5334e7ee5)] -> xpath: //*/input[@type='TEXT']] Not interactable
[[FirefoxDriver: firefox on LINUX (bd93d6b1-e9c1-4012-a365-f8f5334e7ee5)] -> xpath: //*/input[@type='TEXT']] Not interactable
[[FirefoxDriver: firefox on LINUX (bd93d6b1-e9c1-4012-a365-f8f5334e7ee5)] -> xpath: //input[@type='SUBMIT']] Not interactable
[[FirefoxDriver: firefox on LINUX (bd93d6b1-e9c1-4012-a365-f8f5334e7ee5)] -> xpath: //input[@type='SUBMIT']] Not interactable
[[FirefoxDriver: firefox on LINUX (bd93d6b1-e9c1-4012-a365-f8f5334e7ee5)] -> xpath: //input[@type='SUBMIT']] Not interactable
[[FirefoxDriver: firefox on LINUX (bd93d6b1-e9c1-4012-a365-f8f5334e7ee5)] -> xpath: //input[@type='SUBMIT']] Not interactable
[[FirefoxDriver: firefox on LINUX (bd93d6b1-e9c1-4012-a365-f8f5334e7ee5)] -> xpath: //input[@type='SUBMIT']] Not interactable
[[FirefoxDriver: firefox on LINUX (bd93d6b1-e9c1-4012-a365-f8f5334e7ee5)] -> xpath: //input[@type='SUBMIT']] Not interactable
[[FirefoxDriver: firefox on LINUX (bd93d6b1-e9c1-4012-a365-f8f5334e7ee5)] -> xpath: //input[@type='SUBMIT']] Not interactable
[[FirefoxDriver: firefox on LINUX (bd93d6b1-e9c1-4012-a365-f8f5334e7ee5)] -> xpath: //input[@type='SUBMIT']] Not interactable
[[FirefoxDriver: firefox on LINUX (bd93d6b1-e9c1-4012-a365-f8f5334e7ee5)] -> xpath: //*/input[@type='TEXT']] Not interactable
[[FirefoxDriver: firefox on LINUX (bd93d6b1-e9c1-4012-a365-f8f5334e7ee5)] -> xpath: //*/input[@type='TEXT']] Not interactable
[[FirefoxDriver: firefox on LINUX (bd93d6b1-e9c1-4012-a365-f8f5334e7ee5)] -> xpath: //*/input[@type='TEXT']] Not interactable
[[FirefoxDriver: firefox on LINUX (bd93d6b1-e9c1-4012-a365-f8f5334e7ee5)] -> xpath: //input[@type='SUBMIT']] Not interactable
[[FirefoxDriver: firefox on LINUX (bd93d6b1-e9c1-4012-a365-f8f5334e7ee5)] -> xpath: //input[@type='SUBMIT']] Not interactable
[[FirefoxDriver: firefox on LINUX (bd93d6b1-e9c1-4012-a365-f8f5334e7ee5)] -> xpath: //input[@type='SUBMIT']] Not interactable
[[FirefoxDriver: firefox on LINUX (bd93d6b1-e9c1-4012-a365-f8f5334e7ee5)] -> xpath: //input[@type='SUBMIT']] Not interactable
[[FirefoxDriver: firefox on LINUX (bd93d6b1-e9c1-4012-a365-f8f5334e7ee5)] -> xpath: //input[@type='SUBMIT']] Not interactable
[[FirefoxDriver: firefox on LINUX (bd93d6b1-e9c1-4012-a365-f8f5334e7ee5)] -> xpath: //input[@type='SUBMIT']] Not interactable
[[FirefoxDriver: firefox on LINUX (bd93d6b1-e9c1-4012-a365-f8f5334e7ee5)] -> xpath: //input[@type='SUBMIT']] Not interactable
[[FirefoxDriver: firefox on LINUX (bd93d6b1-e9c1-4012-a365-f8f5334e7ee5)] -> xpath: //input[@type='SUBMIT']] Not interactable
[[FirefoxDriver: firefox on LINUX (bd93d6b1-e9c1-4012-a365-f8f5334e7ee5)] -> xpath: //*/input[@type='TEXT']] Not interactable
[[FirefoxDriver: firefox on LINUX (bd93d6b1-e9c1-4012-a365-f8f5334e7ee5)] -> xpath: //*/input[@type='TEXT']] Not interactable
[[FirefoxDriver: firefox on LINUX (bd93d6b1-e9c1-4012-a365-f8f5334e7ee5)] -> xpath: //*/input[@type='TEXT']] Not interactable
[[FirefoxDriver: firefox on LINUX (bd93d6b1-e9c1-4012-a365-f8f5334e7ee5)] -> xpath: //input[@type='SUBMIT']] Not interactable
[[FirefoxDriver: firefox on LINUX (bd93d6b1-e9c1-4012-a365-f8f5334e7ee5)] -> xpath: //input[@type='SUBMIT']] Not interactable
[[FirefoxDriver: firefox on LINUX (bd93d6b1-e9c1-4012-a365-f8f5334e7ee5)] -> xpath: //input[@type='SUBMIT']] Not interactable
[[FirefoxDriver: firefox on LINUX (bd93d6b1-e9c1-4012-a365-f8f5334e7ee5)] -> xpath: //input[@type='SUBMIT']] Not interactable
[[FirefoxDriver: firefox on LINUX (bd93d6b1-e9c1-4012-a365-f8f5334e7ee5)] -> xpath: //input[@type='SUBMIT']] Not interactable
[[FirefoxDriver: firefox on LINUX (bd93d6b1-e9c1-4012-a365-f8f5334e7ee5)] -> xpath: //input[@type='SUBMIT']] Not interactable
[[FirefoxDriver: firefox on LINUX (bd93d6b1-e9c1-4012-a365-f8f5334e7ee5)] -> xpath: //input[@type='SUBMIT']] Not interactable
[[FirefoxDriver: firefox on LINUX (bd93d6b1-e9c1-4012-a365-f8f5334e7ee5)] -> xpath: //input[@type='SUBMIT']] Not interactable
[[FirefoxDriver: firefox on LINUX (bd93d6b1-e9c1-4012-a365-f8f5334e7ee5)] -> xpath: //*/input[@type='TEXT']] Not interactable
[[FirefoxDriver: firefox on LINUX (bd93d6b1-e9c1-4012-a365-f8f5334e7ee5)] -> xpath: //*/input[@type='TEXT']] Not interactable
[[FirefoxDriver: firefox on LINUX (bd93d6b1-e9c1-4012-a365-f8f5334e7ee5)] -> xpath: //*/input[@type='TEXT']] Not interactable
[[FirefoxDriver: firefox on LINUX (bd93d6b1-e9c1-4012-a365-f8f5334e7ee5)] -> xpath: //input[@type='SUBMIT']] Not interactable
[[FirefoxDriver: firefox on LINUX (bd93d6b1-e9c1-4012-a365-f8f5334e7ee5)] -> xpath: //input[@type='SUBMIT']] Not interactable
[[FirefoxDriver: firefox on LINUX (bd93d6b1-e9c1-4012-a365-f8f5334e7ee5)] -> xpath: //input[@type='SUBMIT']] Not interactable
[[FirefoxDriver: firefox on LINUX (bd93d6b1-e9c1-4012-a365-f8f5334e7ee5)] -> xpath: //input[@type='SUBMIT']] Not interactable
[[FirefoxDriver: firefox on LINUX (bd93d6b1-e9c1-4012-a365-f8f5334e7ee5)] -> xpath: //input[@type='SUBMIT']] Not interactable
[[FirefoxDriver: firefox on LINUX (bd93d6b1-e9c1-4012-a365-f8f5334e7ee5)] -> xpath: //input[@type='SUBMIT']] Not interactable
[[FirefoxDriver: firefox on LINUX (bd93d6b1-e9c1-4012-a365-f8f5334e7ee5)] -> xpath: //input[@type='SUBMIT']] Not interactable
[[FirefoxDriver: firefox on LINUX (bd93d6b1-e9c1-4012-a365-f8f5334e7ee5)] -> xpath: //input[@type='SUBMIT']] Not interactable
[[FirefoxDriver: firefox on LINUX (bd93d6b1-e9c1-4012-a365-f8f5334e7ee5)] -> xpath: //*/input[@type='TEXT']] Not interactable
[[FirefoxDriver: firefox on LINUX (bd93d6b1-e9c1-4012-a365-f8f5334e7ee5)] -> xpath: //*/input[@type='TEXT']] Not interactable
[[FirefoxDriver: firefox on LINUX (bd93d6b1-e9c1-4012-a365-f8f5334e7ee5)] -> xpath: //*/input[@type='TEXT']] Not interactable
[[FirefoxDriver: firefox on LINUX (bd93d6b1-e9c1-4012-a365-f8f5334e7ee5)] -> xpath: //input[@type='SUBMIT']] Not interactable
[[FirefoxDriver: firefox on LINUX (bd93d6b1-e9c1-4012-a365-f8f5334e7ee5)] -> xpath: //input[@type='SUBMIT']] Not interactable
[[FirefoxDriver: firefox on LINUX (bd93d6b1-e9c1-4012-a365-f8f5334e7ee5)] -> xpath: //input[@type='SUBMIT']] Not interactable
[[FirefoxDriver: firefox on LINUX (bd93d6b1-e9c1-4012-a365-f8f5334e7ee5)] -> xpath: //input[@type='SUBMIT']] Not interactable
[[FirefoxDriver: firefox on LINUX (bd93d6b1-e9c1-4012-a365-f8f5334e7ee5)] -> xpath: //input[@type='SUBMIT']] Not interactable
[[FirefoxDriver: firefox on LINUX (bd93d6b1-e9c1-4012-a365-f8f5334e7ee5)] -> xpath: //input[@type='SUBMIT']] Not interactable
[[FirefoxDriver: firefox on LINUX (bd93d6b1-e9c1-4012-a365-f8f5334e7ee5)] -> xpath: //input[@type='SUBMIT']] Not interactable
[[FirefoxDriver: firefox on LINUX (bd93d6b1-e9c1-4012-a365-f8f5334e7ee5)] -> xpath: //input[@type='SUBMIT']] Not interactable
[[FirefoxDriver: firefox on LINUX (bd93d6b1-e9c1-4012-a365-f8f5334e7ee5)] -> xpath: //*/input[@type='TEXT']] Not interactable
[[FirefoxDriver: firefox on LINUX (bd93d6b1-e9c1-4012-a365-f8f5334e7ee5)] -> xpath: //*/input[@type='TEXT']] Not interactable
[[FirefoxDriver: firefox on LINUX (bd93d6b1-e9c1-4012-a365-f8f5334e7ee5)] -> xpath: //*/input[@type='TEXT']] Not interactable
[[FirefoxDriver: firefox on LINUX (bd93d6b1-e9c1-4012-a365-f8f5334e7ee5)] -> xpath: //input[@type='SUBMIT']] Not interactable
[[FirefoxDriver: firefox on LINUX (bd93d6b1-e9c1-4012-a365-f8f5334e7ee5)] -> xpath: //input[@type='SUBMIT']] Not interactable
[[FirefoxDriver: firefox on LINUX (bd93d6b1-e9c1-4012-a365-f8f5334e7ee5)] -> xpath: //input[@type='SUBMIT']] Not interactable
[[FirefoxDriver: firefox on LINUX (bd93d6b1-e9c1-4012-a365-f8f5334e7ee5)] -> xpath: //input[@type='SUBMIT']] Not interactable
[[FirefoxDriver: firefox on LINUX (bd93d6b1-e9c1-4012-a365-f8f5334e7ee5)] -> xpath: //input[@type='SUBMIT']] Not interactable
[[FirefoxDriver: firefox on LINUX (bd93d6b1-e9c1-4012-a365-f8f5334e7ee5)] -> xpath: //input[@type='SUBMIT']] Not interactable
[[FirefoxDriver: firefox on LINUX (bd93d6b1-e9c1-4012-a365-f8f5334e7ee5)] -> xpath: //input[@type='SUBMIT']] Not interactable
[[FirefoxDriver: firefox on LINUX (bd93d6b1-e9c1-4012-a365-f8f5334e7ee5)] -> xpath: //input[@type='SUBMIT']] Not interactable
[[FirefoxDriver: firefox on LINUX (bd93d6b1-e9c1-4012-a365-f8f5334e7ee5)] -> xpath: //*/input[@type='TEXT']] Not interactable
[[FirefoxDriver: firefox on LINUX (bd93d6b1-e9c1-4012-a365-f8f5334e7ee5)] -> xpath: //*/input[@type='TEXT']] Not interactable
[[FirefoxDriver: firefox on LINUX (bd93d6b1-e9c1-4012-a365-f8f5334e7ee5)] -> xpath: //*/input[@type='TEXT']] Not interactable
[[FirefoxDriver: firefox on LINUX (bd93d6b1-e9c1-4012-a365-f8f5334e7ee5)] -> xpath: //input[@type='SUBMIT']] Not interactable
[[FirefoxDriver: firefox on LINUX (bd93d6b1-e9c1-4012-a365-f8f5334e7ee5)] -> xpath: //input[@type='SUBMIT']] Not interactable
[[FirefoxDriver: firefox on LINUX (bd93d6b1-e9c1-4012-a365-f8f5334e7ee5)] -> xpath: //input[@type='SUBMIT']] Not interactable
[[FirefoxDriver: firefox on LINUX (bd93d6b1-e9c1-4012-a365-f8f5334e7ee5)] -> xpath: //input[@type='SUBMIT']] Not interactable
[[FirefoxDriver: firefox on LINUX (bd93d6b1-e9c1-4012-a365-f8f5334e7ee5)] -> xpath: //input[@type='SUBMIT']] Not interactable
[[FirefoxDriver: firefox on LINUX (bd93d6b1-e9c1-4012-a365-f8f5334e7ee5)] -> xpath: //input[@type='SUBMIT']] Not interactable
[[FirefoxDriver: firefox on LINUX (bd93d6b1-e9c1-4012-a365-f8f5334e7ee5)] -> xpath: //input[@type='SUBMIT']] Not interactable
[[FirefoxDriver: firefox on LINUX (bd93d6b1-e9c1-4012-a365-f8f5334e7ee5)] -> xpath: //input[@type='SUBMIT']] Not interactable
[[FirefoxDriver: firefox on LINUX (bd93d6b1-e9c1-4012-a365-f8f5334e7ee5)] -> xpath: //*/input[@type='TEXT']] Not interactable
[[FirefoxDriver: firefox on LINUX (bd93d6b1-e9c1-4012-a365-f8f5334e7ee5)] -> xpath: //*/input[@type='TEXT']] Not interactable
[[FirefoxDriver: firefox on LINUX (bd93d6b1-e9c1-4012-a365-f8f5334e7ee5)] -> xpath: //*/input[@type='TEXT']] Not interactable
[[FirefoxDriver: firefox on LINUX (bd93d6b1-e9c1-4012-a365-f8f5334e7ee5)] -> xpath: //input[@type='SUBMIT']] Not interactable
[[FirefoxDriver: firefox on LINUX (bd93d6b1-e9c1-4012-a365-f8f5334e7ee5)] -> xpath: //input[@type='SUBMIT']] Not interactable
[[FirefoxDriver: firefox on LINUX (bd93d6b1-e9c1-4012-a365-f8f5334e7ee5)] -> xpath: //input[@type='SUBMIT']] Not interactable
[[FirefoxDriver: firefox on LINUX (bd93d6b1-e9c1-4012-a365-f8f5334e7ee5)] -> xpath: //input[@type='SUBMIT']] Not interactable
[[FirefoxDriver: firefox on LINUX (bd93d6b1-e9c1-4012-a365-f8f5334e7ee5)] -> xpath: //input[@type='SUBMIT']] Not interactable
[[FirefoxDriver: firefox on LINUX (bd93d6b1-e9c1-4012-a365-f8f5334e7ee5)] -> xpath: //input[@type='SUBMIT']] Not interactable
[[FirefoxDriver: firefox on LINUX (bd93d6b1-e9c1-4012-a365-f8f5334e7ee5)] -> xpath: //input[@type='SUBMIT']] Not interactable
[[FirefoxDriver: firefox on LINUX (bd93d6b1-e9c1-4012-a365-f8f5334e7ee5)] -> xpath: //input[@type='SUBMIT']] Not interactable
[[FirefoxDriver: firefox on LINUX (bd93d6b1-e9c1-4012-a365-f8f5334e7ee5)] -> xpath: //*/input[@type='TEXT']] Not interactable
[[FirefoxDriver: firefox on LINUX (bd93d6b1-e9c1-4012-a365-f8f5334e7ee5)] -> xpath: //*/input[@type='TEXT']] Not interactable
[[FirefoxDriver: firefox on LINUX (bd93d6b1-e9c1-4012-a365-f8f5334e7ee5)] -> xpath: //*/input[@type='TEXT']] Not interactable
[[FirefoxDriver: firefox on LINUX (bd93d6b1-e9c1-4012-a365-f8f5334e7ee5)] -> xpath: //input[@type='SUBMIT']] Not interactable
[[FirefoxDriver: firefox on LINUX (bd93d6b1-e9c1-4012-a365-f8f5334e7ee5)] -> xpath: //input[@type='SUBMIT']] Not interactable
[[FirefoxDriver: firefox on LINUX (bd93d6b1-e9c1-4012-a365-f8f5334e7ee5)] -> xpath: //input[@type='SUBMIT']] Not interactable
[[FirefoxDriver: firefox on LINUX (bd93d6b1-e9c1-4012-a365-f8f5334e7ee5)] -> xpath: //input[@type='SUBMIT']] Not interactable
[[FirefoxDriver: firefox on LINUX (bd93d6b1-e9c1-4012-a365-f8f5334e7ee5)] -> xpath: //input[@type='SUBMIT']] Not interactable
[[FirefoxDriver: firefox on LINUX (bd93d6b1-e9c1-4012-a365-f8f5334e7ee5)] -> xpath: //input[@type='SUBMIT']] Not interactable
[[FirefoxDriver: firefox on LINUX (bd93d6b1-e9c1-4012-a365-f8f5334e7ee5)] -> xpath: //input[@type='SUBMIT']] Not interactable
[[FirefoxDriver: firefox on LINUX (bd93d6b1-e9c1-4012-a365-f8f5334e7ee5)] -> xpath: //input[@type='SUBMIT']] Not interactable
[[FirefoxDriver: firefox on LINUX (bd93d6b1-e9c1-4012-a365-f8f5334e7ee5)] -> xpath: //*/input[@type='TEXT']] Not interactable
[[FirefoxDriver: firefox on LINUX (bd93d6b1-e9c1-4012-a365-f8f5334e7ee5)] -> xpath: //*/input[@type='TEXT']] Not interactable
[[FirefoxDriver: firefox on LINUX (bd93d6b1-e9c1-4012-a365-f8f5334e7ee5)] -> xpath: //*/input[@type='TEXT']] Not interactable
[[FirefoxDriver: firefox on LINUX (bd93d6b1-e9c1-4012-a365-f8f5334e7ee5)] -> xpath: //input[@type='SUBMIT']] Not interactable
[[FirefoxDriver: firefox on LINUX (bd93d6b1-e9c1-4012-a365-f8f5334e7ee5)] -> xpath: //input[@type='SUBMIT']] Not interactable
[[FirefoxDriver: firefox on LINUX (bd93d6b1-e9c1-4012-a365-f8f5334e7ee5)] -> xpath: //input[@type='SUBMIT']] Not interactable
[[FirefoxDriver: firefox on LINUX (bd93d6b1-e9c1-4012-a365-f8f5334e7ee5)] -> xpath: //input[@type='SUBMIT']] Not interactable
[[FirefoxDriver: firefox on LINUX (bd93d6b1-e9c1-4012-a365-f8f5334e7ee5)] -> xpath: //input[@type='SUBMIT']] Not interactable
[[FirefoxDriver: firefox on LINUX (bd93d6b1-e9c1-4012-a365-f8f5334e7ee5)] -> xpath: //input[@type='SUBMIT']] Not interactable
[[FirefoxDriver: firefox on LINUX (bd93d6b1-e9c1-4012-a365-f8f5334e7ee5)] -> xpath: //input[@type='SUBMIT']] Not interactable
[[FirefoxDriver: firefox on LINUX (bd93d6b1-e9c1-4012-a365-f8f5334e7ee5)] -> xpath: //input[@type='SUBMIT']] Not interactable
[[FirefoxDriver: firefox on LINUX (bd93d6b1-e9c1-4012-a365-f8f5334e7ee5)] -> xpath: //*/input[@type='TEXT']] Not interactable
[[FirefoxDriver: firefox on LINUX (bd93d6b1-e9c1-4012-a365-f8f5334e7ee5)] -> xpath: //*/input[@type='TEXT']] Not interactable
[[FirefoxDriver: firefox on LINUX (bd93d6b1-e9c1-4012-a365-f8f5334e7ee5)] -> xpath: //*/input[@type='TEXT']] Not interactable
[[FirefoxDriver: firefox on LINUX (bd93d6b1-e9c1-4012-a365-f8f5334e7ee5)] -> xpath: //input[@type='SUBMIT']] Not interactable
[[FirefoxDriver: firefox on LINUX (bd93d6b1-e9c1-4012-a365-f8f5334e7ee5)] -> xpath: //input[@type='SUBMIT']] Not interactable
[[FirefoxDriver: firefox on LINUX (bd93d6b1-e9c1-4012-a365-f8f5334e7ee5)] -> xpath: //input[@type='SUBMIT']] Not interactable
[[FirefoxDriver: firefox on LINUX (bd93d6b1-e9c1-4012-a365-f8f5334e7ee5)] -> xpath: //input[@type='SUBMIT']] Not interactable
[[FirefoxDriver: firefox on LINUX (bd93d6b1-e9c1-4012-a365-f8f5334e7ee5)] -> xpath: //input[@type='SUBMIT']] Not interactable
[[FirefoxDriver: firefox on LINUX (bd93d6b1-e9c1-4012-a365-f8f5334e7ee5)] -> xpath: //input[@type='SUBMIT']] Not interactable
[[FirefoxDriver: firefox on LINUX (bd93d6b1-e9c1-4012-a365-f8f5334e7ee5)] -> xpath: //input[@type='SUBMIT']] Not interactable
[[FirefoxDriver: firefox on LINUX (bd93d6b1-e9c1-4012-a365-f8f5334e7ee5)] -> xpath: //input[@type='SUBMIT']] Not interactable
[[FirefoxDriver: firefox on LINUX (bd93d6b1-e9c1-4012-a365-f8f5334e7ee5)] -> xpath: //*/input[@type='TEXT']] Not interactable
[[FirefoxDriver: firefox on LINUX (bd93d6b1-e9c1-4012-a365-f8f5334e7ee5)] -> xpath: //*/input[@type='TEXT']] Not interactable
[[FirefoxDriver: firefox on LINUX (bd93d6b1-e9c1-4012-a365-f8f5334e7ee5)] -> xpath: //*/input[@type='TEXT']] Not interactable
[[FirefoxDriver: firefox on LINUX (bd93d6b1-e9c1-4012-a365-f8f5334e7ee5)] -> xpath: //input[@type='SUBMIT']] Not interactable
[[FirefoxDriver: firefox on LINUX (bd93d6b1-e9c1-4012-a365-f8f5334e7ee5)] -> xpath: //input[@type='SUBMIT']] Not interactable
[[FirefoxDriver: firefox on LINUX (bd93d6b1-e9c1-4012-a365-f8f5334e7ee5)] -> xpath: //input[@type='SUBMIT']] Not interactable
[[FirefoxDriver: firefox on LINUX (bd93d6b1-e9c1-4012-a365-f8f5334e7ee5)] -> xpath: //input[@type='SUBMIT']] Not interactable
[[FirefoxDriver: firefox on LINUX (bd93d6b1-e9c1-4012-a365-f8f5334e7ee5)] -> xpath: //input[@type='SUBMIT']] Not interactable
[[FirefoxDriver: firefox on LINUX (bd93d6b1-e9c1-4012-a365-f8f5334e7ee5)] -> xpath: //input[@type='SUBMIT']] Not interactable
[[FirefoxDriver: firefox on LINUX (bd93d6b1-e9c1-4012-a365-f8f5334e7ee5)] -> xpath: //input[@type='SUBMIT']] Not interactable
[[FirefoxDriver: firefox on LINUX (bd93d6b1-e9c1-4012-a365-f8f5334e7ee5)] -> xpath: //input[@type='SUBMIT']] Not interactable
[[FirefoxDriver: firefox on LINUX (bd93d6b1-e9c1-4012-a365-f8f5334e7ee5)] -> xpath: //*/input[@type='TEXT']] Not interactable
[[FirefoxDriver: firefox on LINUX (bd93d6b1-e9c1-4012-a365-f8f5334e7ee5)] -> xpath: //*/input[@type='TEXT']] Not interactable
[[FirefoxDriver: firefox on LINUX (bd93d6b1-e9c1-4012-a365-f8f5334e7ee5)] -> xpath: //*/input[@type='TEXT']] Not interactable
[[FirefoxDriver: firefox on LINUX (bd93d6b1-e9c1-4012-a365-f8f5334e7ee5)] -> xpath: //input[@type='SUBMIT']] Not interactable
[[FirefoxDriver: firefox on LINUX (bd93d6b1-e9c1-4012-a365-f8f5334e7ee5)] -> xpath: //input[@type='SUBMIT']] Not interactable
[[FirefoxDriver: firefox on LINUX (bd93d6b1-e9c1-4012-a365-f8f5334e7ee5)] -> xpath: //input[@type='SUBMIT']] Not interactable
[[FirefoxDriver: firefox on LINUX (bd93d6b1-e9c1-4012-a365-f8f5334e7ee5)] -> xpath: //input[@type='SUBMIT']] Not interactable
[[FirefoxDriver: firefox on LINUX (bd93d6b1-e9c1-4012-a365-f8f5334e7ee5)] -> xpath: //input[@type='SUBMIT']] Not interactable
[[FirefoxDriver: firefox on LINUX (bd93d6b1-e9c1-4012-a365-f8f5334e7ee5)] -> xpath: //input[@type='SUBMIT']] Not interactable
[[FirefoxDriver: firefox on LINUX (bd93d6b1-e9c1-4012-a365-f8f5334e7ee5)] -> xpath: //input[@type='SUBMIT']] Not interactable
[[FirefoxDriver: firefox on LINUX (bd93d6b1-e9c1-4012-a365-f8f5334e7ee5)] -> xpath: //input[@type='SUBMIT']] Not interactable
[[FirefoxDriver: firefox on LINUX (bd93d6b1-e9c1-4012-a365-f8f5334e7ee5)] -> xpath: //*/input[@type='TEXT']] Not interactable
[[FirefoxDriver: firefox on LINUX (bd93d6b1-e9c1-4012-a365-f8f5334e7ee5)] -> xpath: //*/input[@type='TEXT']] Not interactable
[[FirefoxDriver: firefox on LINUX (bd93d6b1-e9c1-4012-a365-f8f5334e7ee5)] -> xpath: //*/input[@type='TEXT']] Not interactable
[[FirefoxDriver: firefox on LINUX (bd93d6b1-e9c1-4012-a365-f8f5334e7ee5)] -> xpath: //input[@type='SUBMIT']] Not interactable
[[FirefoxDriver: firefox on LINUX (bd93d6b1-e9c1-4012-a365-f8f5334e7ee5)] -> xpath: //input[@type='SUBMIT']] Not interactable
[[FirefoxDriver: firefox on LINUX (bd93d6b1-e9c1-4012-a365-f8f5334e7ee5)] -> xpath: //input[@type='SUBMIT']] Not interactable
[[FirefoxDriver: firefox on LINUX (bd93d6b1-e9c1-4012-a365-f8f5334e7ee5)] -> xpath: //input[@type='SUBMIT']] Not interactable
[[FirefoxDriver: firefox on LINUX (bd93d6b1-e9c1-4012-a365-f8f5334e7ee5)] -> xpath: //input[@type='SUBMIT']] Not interactable
[[FirefoxDriver: firefox on LINUX (bd93d6b1-e9c1-4012-a365-f8f5334e7ee5)] -> xpath: //input[@type='SUBMIT']] Not interactable
[[FirefoxDriver: firefox on LINUX (bd93d6b1-e9c1-4012-a365-f8f5334e7ee5)] -> xpath: //input[@type='SUBMIT']] Not interactable
[[FirefoxDriver: firefox on LINUX (bd93d6b1-e9c1-4012-a365-f8f5334e7ee5)] -> xpath: //input[@type='SUBMIT']] Not interactable
[[FirefoxDriver: firefox on LINUX (bd93d6b1-e9c1-4012-a365-f8f5334e7ee5)] -> xpath: //*/input[@type='TEXT']] Not interactable
[[FirefoxDriver: firefox on LINUX (bd93d6b1-e9c1-4012-a365-f8f5334e7ee5)] -> xpath: //*/input[@type='TEXT']] Not interactable
[[FirefoxDriver: firefox on LINUX (bd93d6b1-e9c1-4012-a365-f8f5334e7ee5)] -> xpath: //*/input[@type='TEXT']] Not interactable
[[FirefoxDriver: firefox on LINUX (bd93d6b1-e9c1-4012-a365-f8f5334e7ee5)] -> xpath: //input[@type='SUBMIT']] Not interactable
[[FirefoxDriver: firefox on LINUX (bd93d6b1-e9c1-4012-a365-f8f5334e7ee5)] -> xpath: //input[@type='SUBMIT']] Not interactable
[[FirefoxDriver: firefox on LINUX (bd93d6b1-e9c1-4012-a365-f8f5334e7ee5)] -> xpath: //input[@type='SUBMIT']] Not interactable
[[FirefoxDriver: firefox on LINUX (bd93d6b1-e9c1-4012-a365-f8f5334e7ee5)] -> xpath: //input[@type='SUBMIT']] Not interactable
[[FirefoxDriver: firefox on LINUX (bd93d6b1-e9c1-4012-a365-f8f5334e7ee5)] -> xpath: //input[@type='SUBMIT']] Not interactable
[[FirefoxDriver: firefox on LINUX (bd93d6b1-e9c1-4012-a365-f8f5334e7ee5)] -> xpath: //input[@type='SUBMIT']] Not interactable
[[FirefoxDriver: firefox on LINUX (bd93d6b1-e9c1-4012-a365-f8f5334e7ee5)] -> xpath: //input[@type='SUBMIT']] Not interactable
[[FirefoxDriver: firefox on LINUX (bd93d6b1-e9c1-4012-a365-f8f5334e7ee5)] -> xpath: //input[@type='SUBMIT']] Not interactable
[[FirefoxDriver: firefox on LINUX (bd93d6b1-e9c1-4012-a365-f8f5334e7ee5)] -> xpath: //*/input[@type='TEXT']] Not interactable
[[FirefoxDriver: firefox on LINUX (bd93d6b1-e9c1-4012-a365-f8f5334e7ee5)] -> xpath: //*/input[@type='TEXT']] Not interactable
[[FirefoxDriver: firefox on LINUX (bd93d6b1-e9c1-4012-a365-f8f5334e7ee5)] -> xpath: //*/input[@type='TEXT']] Not interactable
[[FirefoxDriver: firefox on LINUX (bd93d6b1-e9c1-4012-a365-f8f5334e7ee5)] -> xpath: //input[@type='SUBMIT']] Not interactable
[[FirefoxDriver: firefox on LINUX (bd93d6b1-e9c1-4012-a365-f8f5334e7ee5)] -> xpath: //input[@type='SUBMIT']] Not interactable
[[FirefoxDriver: firefox on LINUX (bd93d6b1-e9c1-4012-a365-f8f5334e7ee5)] -> xpath: //input[@type='SUBMIT']] Not interactable
[[FirefoxDriver: firefox on LINUX (bd93d6b1-e9c1-4012-a365-f8f5334e7ee5)] -> xpath: //input[@type='SUBMIT']] Not interactable
[[FirefoxDriver: firefox on LINUX (bd93d6b1-e9c1-4012-a365-f8f5334e7ee5)] -> xpath: //input[@type='SUBMIT']] Not interactable
[[FirefoxDriver: firefox on LINUX (bd93d6b1-e9c1-4012-a365-f8f5334e7ee5)] -> xpath: //input[@type='SUBMIT']] Not interactable
[[FirefoxDriver: firefox on LINUX (bd93d6b1-e9c1-4012-a365-f8f5334e7ee5)] -> xpath: //input[@type='SUBMIT']] Not interactable
[[FirefoxDriver: firefox on LINUX (bd93d6b1-e9c1-4012-a365-f8f5334e7ee5)] -> xpath: //input[@type='SUBMIT']] Not interactable
[[FirefoxDriver: firefox on LINUX (bd93d6b1-e9c1-4012-a365-f8f5334e7ee5)] -> xpath: //*/input[@type='TEXT']] Not interactable
[[FirefoxDriver: firefox on LINUX (bd93d6b1-e9c1-4012-a365-f8f5334e7ee5)] -> xpath: //*/input[@type='TEXT']] Not interactable
[[FirefoxDriver: firefox on LINUX (bd93d6b1-e9c1-4012-a365-f8f5334e7ee5)] -> xpath: //*/input[@type='TEXT']] Not interactable
[[FirefoxDriver: firefox on LINUX (bd93d6b1-e9c1-4012-a365-f8f5334e7ee5)] -> xpath: //input[@type='SUBMIT']] Not interactable
[[FirefoxDriver: firefox on LINUX (bd93d6b1-e9c1-4012-a365-f8f5334e7ee5)] -> xpath: //input[@type='SUBMIT']] Not interactable
[[FirefoxDriver: firefox on LINUX (bd93d6b1-e9c1-4012-a365-f8f5334e7ee5)] -> xpath: //input[@type='SUBMIT']] Not interactable
[[FirefoxDriver: firefox on LINUX (bd93d6b1-e9c1-4012-a365-f8f5334e7ee5)] -> xpath: //input[@type='SUBMIT']] Not interactable
[[FirefoxDriver: firefox on LINUX (bd93d6b1-e9c1-4012-a365-f8f5334e7ee5)] -> xpath: //input[@type='SUBMIT']] Not interactable
[[FirefoxDriver: firefox on LINUX (bd93d6b1-e9c1-4012-a365-f8f5334e7ee5)] -> xpath: //input[@type='SUBMIT']] Not interactable
[[FirefoxDriver: firefox on LINUX (bd93d6b1-e9c1-4012-a365-f8f5334e7ee5)] -> xpath: //input[@type='SUBMIT']] Not interactable
[[FirefoxDriver: firefox on LINUX (bd93d6b1-e9c1-4012-a365-f8f5334e7ee5)] -> xpath: //input[@type='SUBMIT']] Not interactable
[[FirefoxDriver: firefox on LINUX (bd93d6b1-e9c1-4012-a365-f8f5334e7ee5)] -> xpath: //*/input[@type='TEXT']] Not interactable
[[FirefoxDriver: firefox on LINUX (bd93d6b1-e9c1-4012-a365-f8f5334e7ee5)] -> xpath: //*/input[@type='TEXT']] Not interactable
[[FirefoxDriver: firefox on LINUX (bd93d6b1-e9c1-4012-a365-f8f5334e7ee5)] -> xpath: //*/input[@type='TEXT']] Not interactable
[[FirefoxDriver: firefox on LINUX (bd93d6b1-e9c1-4012-a365-f8f5334e7ee5)] -> xpath: //input[@type='SUBMIT']] Not interactable
[[FirefoxDriver: firefox on LINUX (bd93d6b1-e9c1-4012-a365-f8f5334e7ee5)] -> xpath: //input[@type='SUBMIT']] Not interactable
[[FirefoxDriver: firefox on LINUX (bd93d6b1-e9c1-4012-a365-f8f5334e7ee5)] -> xpath: //input[@type='SUBMIT']] Not interactable
[[FirefoxDriver: firefox on LINUX (bd93d6b1-e9c1-4012-a365-f8f5334e7ee5)] -> xpath: //input[@type='SUBMIT']] Not interactable
[[FirefoxDriver: firefox on LINUX (bd93d6b1-e9c1-4012-a365-f8f5334e7ee5)] -> xpath: //input[@type='SUBMIT']] Not interactable
[[FirefoxDriver: firefox on LINUX (bd93d6b1-e9c1-4012-a365-f8f5334e7ee5)] -> xpath: //input[@type='SUBMIT']] Not interactable
[[FirefoxDriver: firefox on LINUX (bd93d6b1-e9c1-4012-a365-f8f5334e7ee5)] -> xpath: //input[@type='SUBMIT']] Not interactable
[[FirefoxDriver: firefox on LINUX (bd93d6b1-e9c1-4012-a365-f8f5334e7ee5)] -> xpath: //input[@type='SUBMIT']] Not interactable
[[FirefoxDriver: firefox on LINUX (bd93d6b1-e9c1-4012-a365-f8f5334e7ee5)] -> xpath: //*/input[@type='TEXT']] Not interactable
[[FirefoxDriver: firefox on LINUX (bd93d6b1-e9c1-4012-a365-f8f5334e7ee5)] -> xpath: //*/input[@type='TEXT']] Not interactable
[[FirefoxDriver: firefox on LINUX (bd93d6b1-e9c1-4012-a365-f8f5334e7ee5)] -> xpath: //*/input[@type='TEXT']] Not interactable
[[FirefoxDriver: firefox on LINUX (bd93d6b1-e9c1-4012-a365-f8f5334e7ee5)] -> xpath: //input[@type='SUBMIT']] Not interactable
[[FirefoxDriver: firefox on LINUX (bd93d6b1-e9c1-4012-a365-f8f5334e7ee5)] -> xpath: //input[@type='SUBMIT']] Not interactable
[[FirefoxDriver: firefox on LINUX (bd93d6b1-e9c1-4012-a365-f8f5334e7ee5)] -> xpath: //input[@type='SUBMIT']] Not interactable
[[FirefoxDriver: firefox on LINUX (bd93d6b1-e9c1-4012-a365-f8f5334e7ee5)] -> xpath: //input[@type='SUBMIT']] Not interactable
[[FirefoxDriver: firefox on LINUX (bd93d6b1-e9c1-4012-a365-f8f5334e7ee5)] -> xpath: //input[@type='SUBMIT']] Not interactable
[[FirefoxDriver: firefox on LINUX (bd93d6b1-e9c1-4012-a365-f8f5334e7ee5)] -> xpath: //input[@type='SUBMIT']] Not interactable
[[FirefoxDriver: firefox on LINUX (bd93d6b1-e9c1-4012-a365-f8f5334e7ee5)] -> xpath: //input[@type='SUBMIT']] Not interactable
[[FirefoxDriver: firefox on LINUX (bd93d6b1-e9c1-4012-a365-f8f5334e7ee5)] -> xpath: //input[@type='SUBMIT']] Not interactable
[[FirefoxDriver: firefox on LINUX (bd93d6b1-e9c1-4012-a365-f8f5334e7ee5)] -> xpath: //*/input[@type='TEXT']] Not interactable
[[FirefoxDriver: firefox on LINUX (bd93d6b1-e9c1-4012-a365-f8f5334e7ee5)] -> xpath: //*/input[@type='TEXT']] Not interactable
[[FirefoxDriver: firefox on LINUX (bd93d6b1-e9c1-4012-a365-f8f5334e7ee5)] -> xpath: //*/input[@type='TEXT']] Not interactable
[[FirefoxDriver: firefox on LINUX (bd93d6b1-e9c1-4012-a365-f8f5334e7ee5)] -> xpath: //input[@type='SUBMIT']] Not interactable
[[FirefoxDriver: firefox on LINUX (bd93d6b1-e9c1-4012-a365-f8f5334e7ee5)] -> xpath: //input[@type='SUBMIT']] Not interactable
[[FirefoxDriver: firefox on LINUX (bd93d6b1-e9c1-4012-a365-f8f5334e7ee5)] -> xpath: //input[@type='SUBMIT']] Not interactable
[[FirefoxDriver: firefox on LINUX (bd93d6b1-e9c1-4012-a365-f8f5334e7ee5)] -> xpath: //input[@type='SUBMIT']] Not interactable
[[FirefoxDriver: firefox on LINUX (bd93d6b1-e9c1-4012-a365-f8f5334e7ee5)] -> xpath: //input[@type='SUBMIT']] Not interactable
[[FirefoxDriver: firefox on LINUX (bd93d6b1-e9c1-4012-a365-f8f5334e7ee5)] -> xpath: //input[@type='SUBMIT']] Not interactable
[[FirefoxDriver: firefox on LINUX (bd93d6b1-e9c1-4012-a365-f8f5334e7ee5)] -> xpath: //input[@type='SUBMIT']] Not interactable
[[FirefoxDriver: firefox on LINUX (bd93d6b1-e9c1-4012-a365-f8f5334e7ee5)] -> xpath: //input[@type='SUBMIT']] Not interactable
[[FirefoxDriver: firefox on LINUX (bd93d6b1-e9c1-4012-a365-f8f5334e7ee5)] -> xpath: //*/input[@type='TEXT']] Not interactable
[[FirefoxDriver: firefox on LINUX (bd93d6b1-e9c1-4012-a365-f8f5334e7ee5)] -> xpath: //*/input[@type='TEXT']] Not interactable
[[FirefoxDriver: firefox on LINUX (bd93d6b1-e9c1-4012-a365-f8f5334e7ee5)] -> xpath: //*/input[@type='TEXT']] Not interactable
[[FirefoxDriver: firefox on LINUX (bd93d6b1-e9c1-4012-a365-f8f5334e7ee5)] -> xpath: //input[@type='SUBMIT']] Not interactable
[[FirefoxDriver: firefox on LINUX (bd93d6b1-e9c1-4012-a365-f8f5334e7ee5)] -> xpath: //input[@type='SUBMIT']] Not interactable
[[FirefoxDriver: firefox on LINUX (bd93d6b1-e9c1-4012-a365-f8f5334e7ee5)] -> xpath: //input[@type='SUBMIT']] Not interactable
[[FirefoxDriver: firefox on LINUX (bd93d6b1-e9c1-4012-a365-f8f5334e7ee5)] -> xpath: //input[@type='SUBMIT']] Not interactable
[[FirefoxDriver: firefox on LINUX (bd93d6b1-e9c1-4012-a365-f8f5334e7ee5)] -> xpath: //input[@type='SUBMIT']] Not interactable
[...]
INFO: HTTP Status: '404' -> incorrect JSON status mapping for 'no such alert' (400 expected)
Apr 21, 2020 5:19:05 PM org.openqa.selenium.remote.ErrorCodes toStatus
INFO: HTTP Status: '404' -> incorrect JSON status mapping for 'no such alert' (400 expected)
Apr 21, 2020 5:19:06 PM org.openqa.selenium.remote.ErrorCodes toStatus
INFO: HTTP Status: '404' -> incorrect JSON status mapping for 'no such alert' (400 expected)
Apr 21, 2020 5:19:06 PM org.openqa.selenium.remote.ErrorCodes toStatus
INFO: HTTP Status: '404' -> incorrect JSON status mapping for 'no such alert' (400 expected)
Apr 21, 2020 5:19:06 PM org.openqa.selenium.remote.ErrorCodes toStatus
INFO: HTTP Status: '404' -> incorrect JSON status mapping for 'no such alert' (400 expected)
Apr 21, 2020 5:19:06 PM org.openqa.selenium.remote.ErrorCodes toStatus
INFO: HTTP Status: '404' -> incorrect JSON status mapping for 'no such alert' (400 expected)
Apr 21, 2020 5:19:07 PM org.openqa.selenium.remote.ErrorCodes toStatus
INFO: HTTP Status: '404' -> incorrect JSON status mapping for 'no such alert' (400 expected)
Apr 21, 2020 5:19:07 PM org.openqa.selenium.remote.ErrorCodes toStatus
INFO: HTTP Status: '404' -> incorrect JSON status mapping for 'no such alert' (400 expected)
Apr 21, 2020 5:19:08 PM org.openqa.selenium.remote.ErrorCodes toStatus
INFO: HTTP Status: '404' -> incorrect JSON status mapping for 'no such alert' (400 expected)
Apr 21, 2020 5:19:08 PM org.openqa.selenium.remote.ErrorCodes toStatus
INFO: HTTP Status: '404' -> incorrect JSON status mapping for 'no such alert' (400 expected)
Apr 21, 2020 5:19:08 PM org.openqa.selenium.remote.ErrorCodes toStatus
INFO: HTTP Status: '404' -> incorrect JSON status mapping for 'no such alert' (400 expected)
Apr 21, 2020 5:19:08 PM org.openqa.selenium.remote.ErrorCodes toStatus
INFO: HTTP Status: '404' -> incorrect JSON status mapping for 'no such alert' (400 expected)
Apr 21, 2020 5:19:09 PM org.openqa.selenium.remote.ErrorCodes toStatus
INFO: HTTP Status: '404' -> incorrect JSON status mapping for 'no such alert' (400 expected)
Apr 21, 2020 5:19:09 PM org.openqa.selenium.remote.ErrorCodes toStatus
INFO: HTTP Status: '404' -> incorrect JSON status mapping for 'no such alert' (400 expected)
Apr 21, 2020 5:19:10 PM org.openqa.selenium.remote.ErrorCodes toStatus
INFO: HTTP Status: '404' -> incorrect JSON status mapping for 'no such alert' (400 expected)
Apr 21, 2020 5:19:10 PM org.openqa.selenium.remote.ErrorCodes toStatus
INFO: HTTP Status: '404' -> incorrect JSON status mapping for 'no such alert' (400 expected)
Apr 21, 2020 5:19:10 PM org.openqa.selenium.remote.ErrorCodes toStatus
INFO: HTTP Status: '404' -> incorrect JSON status mapping for 'no such alert' (400 expected)
Apr 21, 2020 5:19:10 PM org.openqa.selenium.remote.ErrorCodes toStatus
INFO: HTTP Status: '404' -> incorrect JSON status mapping for 'no such alert' (400 expected)
Apr 21, 2020 5:19:11 PM org.openqa.selenium.remote.ErrorCodes toStatus
INFO: HTTP Status: '404' -> incorrect JSON status mapping for 'no such alert' (400 expected)
Apr 21, 2020 5:19:11 PM org.openqa.selenium.remote.ErrorCodes toStatus
INFO: HTTP Status: '404' -> incorrect JSON status mapping for 'no such alert' (400 expected)
Apr 21, 2020 5:19:11 PM org.openqa.selenium.remote.ErrorCodes toStatus
INFO: HTTP Status: '404' -> incorrect JSON status mapping for 'no such alert' (400 expected)
Apr 21, 2020 5:19:12 PM org.openqa.selenium.remote.ErrorCodes toStatus
INFO: HTTP Status: '404' -> incorrect JSON status mapping for 'no such alert' (400 expected)
Apr 21, 2020 5:19:12 PM org.openqa.selenium.remote.ErrorCodes toStatus
INFO: HTTP Status: '404' -> incorrect JSON status mapping for 'no such alert' (400 expected)
Apr 21, 2020 5:19:12 PM org.openqa.selenium.remote.ErrorCodes toStatus
INFO: HTTP Status: '404' -> incorrect JSON status mapping for 'no such alert' (400 expected)
Apr 21, 2020 5:19:13 PM org.openqa.selenium.remote.ErrorCodes toStatus
INFO: HTTP Status: '404' -> incorrect JSON status mapping for 'no such alert' (400 expected)
Apr 21, 2020 5:19:13 PM org.openqa.selenium.remote.ErrorCodes toStatus
INFO: HTTP Status: '404' -> incorrect JSON status mapping for 'no such alert' (400 expected)
Apr 21, 2020 5:19:13 PM org.openqa.selenium.remote.ErrorCodes toStatus
INFO: HTTP Status: '404' -> incorrect JSON status mapping for 'no such alert' (400 expected)
Apr 21, 2020 5:19:14 PM org.openqa.selenium.remote.ErrorCodes toStatus
INFO: HTTP Status: '404' -> incorrect JSON status mapping for 'no such alert' (400 expected)
Apr 21, 2020 5:19:14 PM org.openqa.selenium.remote.ErrorCodes toStatus
INFO: HTTP Status: '404' -> incorrect JSON status mapping for 'no such alert' (400 expected)
Apr 21, 2020 5:19:14 PM org.openqa.selenium.remote.ErrorCodes toStatus
INFO: HTTP Status: '404' -> incorrect JSON status mapping for 'no such alert' (400 expected)
Apr 21, 2020 5:19:15 PM org.openqa.selenium.remote.ErrorCodes toStatus
INFO: HTTP Status: '404' -> incorrect JSON status mapping for 'no such alert' (400 expected)
Apr 21, 2020 5:19:15 PM org.openqa.selenium.remote.ErrorCodes toStatus
INFO: HTTP Status: '404' -> incorrect JSON status mapping for 'no such alert' (400 expected)
Apr 21, 2020 5:19:15 PM org.openqa.selenium.remote.ErrorCodes toStatus
INFO: HTTP Status: '404' -> incorrect JSON status mapping for 'no such alert' (400 expected)
Apr 21, 2020 5:19:16 PM org.openqa.selenium.remote.ErrorCodes toStatus
INFO: HTTP Status: '404' -> incorrect JSON status mapping for 'no such alert' (400 expected)
Apr 21, 2020 5:19:16 PM org.openqa.selenium.remote.ErrorCodes toStatus
INFO: HTTP Status: '404' -> incorrect JSON status mapping for 'no such alert' (400 expected)
Apr 21, 2020 5:19:16 PM org.openqa.selenium.remote.ErrorCodes toStatus
INFO: HTTP Status: '404' -> incorrect JSON status mapping for 'no such alert' (400 expected)
Apr 21, 2020 5:19:17 PM org.openqa.selenium.remote.ErrorCodes toStatus
INFO: HTTP Status: '404' -> incorrect JSON status mapping for 'no such alert' (400 expected)
Apr 21, 2020 5:19:17 PM org.openqa.selenium.remote.ErrorCodes toStatus
INFO: HTTP Status: '404' -> incorrect JSON status mapping for 'no such alert' (400 expected)
Apr 21, 2020 5:19:17 PM org.openqa.selenium.remote.ErrorCodes toStatus
INFO: HTTP Status: '404' -> incorrect JSON status mapping for 'no such alert' (400 expected)
Apr 21, 2020 5:19:18 PM org.openqa.selenium.remote.ErrorCodes toStatus
INFO: HTTP Status: '404' -> incorrect JSON status mapping for 'no such alert' (400 expected)
Apr 21, 2020 5:19:18 PM org.openqa.selenium.remote.ErrorCodes toStatus
INFO: HTTP Status: '404' -> incorrect JSON status mapping for 'no such alert' (400 expected)
Apr 21, 2020 5:19:18 PM org.openqa.selenium.remote.ErrorCodes toStatus
INFO: HTTP Status: '404' -> incorrect JSON status mapping for 'no such alert' (400 expected)
Apr 21, 2020 5:19:19 PM org.openqa.selenium.remote.ErrorCodes toStatus
INFO: HTTP Status: '404' -> incorrect JSON status mapping for 'no such alert' (400 expected)
Apr 21, 2020 5:19:19 PM org.openqa.selenium.remote.ErrorCodes toStatus
INFO: HTTP Status: '404' -> incorrect JSON status mapping for 'no such alert' (400 expected)
Apr 21, 2020 5:19:19 PM org.openqa.selenium.remote.ErrorCodes toStatus
INFO: HTTP Status: '404' -> incorrect JSON status mapping for 'no such alert' (400 expected)
Apr 21, 2020 5:19:19 PM org.openqa.selenium.remote.ErrorCodes toStatus
INFO: HTTP Status: '404' -> incorrect JSON status mapping for 'no such alert' (400 expected)
Apr 21, 2020 5:19:20 PM org.openqa.selenium.remote.ErrorCodes toStatus
INFO: HTTP Status: '404' -> incorrect JSON status mapping for 'no such alert' (400 expected)
Apr 21, 2020 5:19:20 PM org.openqa.selenium.remote.ErrorCodes toStatus
INFO: HTTP Status: '404' -> incorrect JSON status mapping for 'no such alert' (400 expected)
Apr 21, 2020 5:19:21 PM org.openqa.selenium.remote.ErrorCodes toStatus
INFO: HTTP Status: '404' -> incorrect JSON status mapping for 'no such alert' (400 expected)
Apr 21, 2020 5:19:21 PM org.openqa.selenium.remote.ErrorCodes toStatus
INFO: HTTP Status: '404' -> incorrect JSON status mapping for 'no such alert' (400 expected)
Apr 21, 2020 5:19:21 PM org.openqa.selenium.remote.ErrorCodes toStatus
INFO: HTTP Status: '404' -> incorrect JSON status mapping for 'no such alert' (400 expected)
Apr 21, 2020 5:19:22 PM org.openqa.selenium.remote.ErrorCodes toStatus
INFO: HTTP Status: '404' -> incorrect JSON status mapping for 'no such alert' (400 expected)
Apr 21, 2020 5:19:22 PM org.openqa.selenium.remote.ErrorCodes toStatus
INFO: HTTP Status: '404' -> incorrect JSON status mapping for 'no such alert' (400 expected)
Apr 21, 2020 5:19:22 PM org.openqa.selenium.remote.ErrorCodes toStatus
INFO: HTTP Status: '404' -> incorrect JSON status mapping for 'no such alert' (400 expected)
Apr 21, 2020 5:19:23 PM org.openqa.selenium.remote.ErrorCodes toStatus
INFO: HTTP Status: '404' -> incorrect JSON status mapping for 'no such alert' (400 expected)
Apr 21, 2020 5:19:23 PM org.openqa.selenium.remote.ErrorCodes toStatus
INFO: HTTP Status: '404' -> incorrect JSON status mapping for 'no such alert' (400 expected)
Apr 21, 2020 5:19:23 PM org.openqa.selenium.remote.ErrorCodes toStatus
INFO: HTTP Status: '404' -> incorrect JSON status mapping for 'no such alert' (400 expected)
Apr 21, 2020 5:19:23 PM org.openqa.selenium.remote.ErrorCodes toStatus
INFO: HTTP Status: '404' -> incorrect JSON status mapping for 'no such alert' (400 expected)
Apr 21, 2020 5:19:24 PM org.openqa.selenium.remote.ErrorCodes toStatus
INFO: HTTP Status: '404' -> incorrect JSON status mapping for 'no such alert' (400 expected)
Apr 21, 2020 5:19:24 PM org.openqa.selenium.remote.ErrorCodes toStatus
INFO: HTTP Status: '404' -> incorrect JSON status mapping for 'no such alert' (400 expected)
Apr 21, 2020 5:19:24 PM org.openqa.selenium.remote.ErrorCodes toStatus
INFO: HTTP Status: '404' -> incorrect JSON status mapping for 'no such alert' (400 expected)
Apr 21, 2020 5:19:25 PM org.openqa.selenium.remote.ErrorCodes toStatus
INFO: HTTP Status: '404' -> incorrect JSON status mapping for 'no such alert' (400 expected)
Apr 21, 2020 5:19:25 PM org.openqa.selenium.remote.ErrorCodes toStatus
INFO: HTTP Status: '404' -> incorrect JSON status mapping for 'no such alert' (400 expected)
Apr 21, 2020 5:19:25 PM org.openqa.selenium.remote.ErrorCodes toStatus
INFO: HTTP Status: '404' -> incorrect JSON status mapping for 'no such alert' (400 expected)
Apr 21, 2020 5:19:26 PM org.openqa.selenium.remote.ErrorCodes toStatus
INFO: HTTP Status: '404' -> incorrect JSON status mapping for 'no such alert' (400 expected)
Apr 21, 2020 5:19:26 PM org.openqa.selenium.remote.ErrorCodes toStatus
INFO: HTTP Status: '404' -> incorrect JSON status mapping for 'no such alert' (400 expected)
Apr 21, 2020 5:19:26 PM org.openqa.selenium.remote.ErrorCodes toStatus
INFO: HTTP Status: '404' -> incorrect JSON status mapping for 'no such alert' (400 expected)
Apr 21, 2020 5:19:27 PM org.openqa.selenium.remote.ErrorCodes toStatus
INFO: HTTP Status: '404' -> incorrect JSON status mapping for 'no such alert' (400 expected)
Apr 21, 2020 5:19:27 PM org.openqa.selenium.remote.ErrorCodes toStatus
INFO: HTTP Status: '404' -> incorrect JSON status mapping for 'no such alert' (400 expected)
Apr 21, 2020 5:19:27 PM org.openqa.selenium.remote.ErrorCodes toStatus
INFO: HTTP Status: '404' -> incorrect JSON status mapping for 'no such alert' (400 expected)
Apr 21, 2020 5:19:28 PM org.openqa.selenium.remote.ErrorCodes toStatus
INFO: HTTP Status: '404' -> incorrect JSON status mapping for 'no such alert' (400 expected)
Apr 21, 2020 5:19:28 PM org.openqa.selenium.remote.ErrorCodes toStatus
INFO: HTTP Status: '404' -> incorrect JSON status mapping for 'no such alert' (400 expected)
Apr 21, 2020 5:19:28 PM org.openqa.selenium.remote.ErrorCodes toStatus
INFO: HTTP Status: '404' -> incorrect JSON status mapping for 'no such alert' (400 expected)
Apr 21, 2020 5:19:29 PM org.openqa.selenium.remote.ErrorCodes toStatus
INFO: HTTP Status: '404' -> incorrect JSON status mapping for 'no such alert' (400 expected)
Apr 21, 2020 5:19:29 PM org.openqa.selenium.remote.ErrorCodes toStatus
INFO: HTTP Status: '404' -> incorrect JSON status mapping for 'no such alert' (400 expected)
Apr 21, 2020 5:19:29 PM org.openqa.selenium.remote.ErrorCodes toStatus
INFO: HTTP Status: '404' -> incorrect JSON status mapping for 'no such alert' (400 expected)
Apr 21, 2020 5:19:30 PM org.openqa.selenium.remote.ErrorCodes toStatus
INFO: HTTP Status: '404' -> incorrect JSON status mapping for 'no such alert' (400 expected)
Apr 21, 2020 5:19:30 PM org.openqa.selenium.remote.ErrorCodes toStatus
INFO: HTTP Status: '404' -> incorrect JSON status mapping for 'no such alert' (400 expected)
Apr 21, 2020 5:19:30 PM org.openqa.selenium.remote.ErrorCodes toStatus
INFO: HTTP Status: '404' -> incorrect JSON status mapping for 'no such alert' (400 expected)
Apr 21, 2020 5:19:31 PM org.openqa.selenium.remote.ErrorCodes toStatus
INFO: HTTP Status: '404' -> incorrect JSON status mapping for 'no such alert' (400 expected)
Apr 21, 2020 5:19:31 PM org.openqa.selenium.remote.ErrorCodes toStatus
INFO: HTTP Status: '404' -> incorrect JSON status mapping for 'no such alert' (400 expected)
Apr 21, 2020 5:19:31 PM org.openqa.selenium.remote.ErrorCodes toStatus
INFO: HTTP Status: '404' -> incorrect JSON status mapping for 'no such alert' (400 expected)
Apr 21, 2020 5:19:32 PM org.openqa.selenium.remote.ErrorCodes toStatus
INFO: HTTP Status: '404' -> incorrect JSON status mapping for 'no such alert' (400 expected)
Apr 21, 2020 5:19:32 PM org.openqa.selenium.remote.ErrorCodes toStatus
INFO: HTTP Status: '404' -> incorrect JSON status mapping for 'no such alert' (400 expected)
Apr 21, 2020 5:19:32 PM org.openqa.selenium.remote.ErrorCodes toStatus
INFO: HTTP Status: '404' -> incorrect JSON status mapping for 'no such alert' (400 expected)
Apr 21, 2020 5:19:32 PM org.openqa.selenium.remote.ErrorCodes toStatus
INFO: HTTP Status: '404' -> incorrect JSON status mapping for 'no such alert' (400 expected)
Apr 21, 2020 5:19:33 PM org.openqa.selenium.remote.ErrorCodes toStatus
INFO: HTTP Status: '404' -> incorrect JSON status mapping for 'no such alert' (400 expected)
Apr 21, 2020 5:19:33 PM org.openqa.selenium.remote.ErrorCodes toStatus
INFO: HTTP Status: '404' -> incorrect JSON status mapping for 'no such alert' (400 expected)
Apr 21, 2020 5:19:34 PM org.openqa.selenium.remote.ErrorCodes toStatus
INFO: HTTP Status: '404' -> incorrect JSON status mapping for 'no such alert' (400 expected)
Apr 21, 2020 5:19:34 PM org.openqa.selenium.remote.ErrorCodes toStatus
INFO: HTTP Status: '404' -> incorrect JSON status mapping for 'no such alert' (400 expected)
Apr 21, 2020 5:19:34 PM org.openqa.selenium.remote.ErrorCodes toStatus
INFO: HTTP Status: '404' -> incorrect JSON status mapping for 'no such alert' (400 expected)
Apr 21, 2020 5:19:34 PM org.openqa.selenium.remote.ErrorCodes toStatus
INFO: HTTP Status: '404' -> incorrect JSON status mapping for 'no such alert' (400 expected)
Apr 21, 2020 5:19:35 PM org.openqa.selenium.remote.ErrorCodes toStatus
INFO: HTTP Status: '404' -> incorrect JSON status mapping for 'no such alert' (400 expected)
Apr 21, 2020 5:19:35 PM org.openqa.selenium.remote.ErrorCodes toStatus
INFO: HTTP Status: '404' -> incorrect JSON status mapping for 'no such alert' (400 expected)
Apr 21, 2020 5:19:35 PM org.openqa.selenium.remote.ErrorCodes toStatus
INFO: HTTP Status: '404' -> incorrect JSON status mapping for 'no such alert' (400 expected)
Apr 21, 2020 5:19:36 PM org.openqa.selenium.remote.ErrorCodes toStatus
INFO: HTTP Status: '404' -> incorrect JSON status mapping for 'no such alert' (400 expected)
Apr 21, 2020 5:19:36 PM org.openqa.selenium.remote.ErrorCodes toStatus
INFO: HTTP Status: '404' -> incorrect JSON status mapping for 'no such alert' (400 expected)
Apr 21, 2020 5:19:36 PM org.openqa.selenium.remote.ErrorCodes toStatus
INFO: HTTP Status: '404' -> incorrect JSON status mapping for 'no such alert' (400 expected)
Apr 21, 2020 5:19:37 PM org.openqa.selenium.remote.ErrorCodes toStatus
INFO: HTTP Status: '404' -> incorrect JSON status mapping for 'no such alert' (400 expected)
Apr 21, 2020 5:19:37 PM org.openqa.selenium.remote.ErrorCodes toStatus
INFO: HTTP Status: '404' -> incorrect JSON status mapping for 'no such alert' (400 expected)
Apr 21, 2020 5:19:37 PM org.openqa.selenium.remote.ErrorCodes toStatus
INFO: HTTP Status: '404' -> incorrect JSON status mapping for 'no such alert' (400 expected)
Apr 21, 2020 5:19:38 PM org.openqa.selenium.remote.ErrorCodes toStatus
INFO: HTTP Status: '404' -> incorrect JSON status mapping for 'no such alert' (400 expected)
Apr 21, 2020 5:19:38 PM org.openqa.selenium.remote.ErrorCodes toStatus
INFO: HTTP Status: '404' -> incorrect JSON status mapping for 'no such alert' (400 expected)
Apr 21, 2020 5:19:38 PM org.openqa.selenium.remote.ErrorCodes toStatus
INFO: HTTP Status: '404' -> incorrect JSON status mapping for 'no such alert' (400 expected)
Apr 21, 2020 5:19:39 PM org.openqa.selenium.remote.ErrorCodes toStatus
INFO: HTTP Status: '404' -> incorrect JSON status mapping for 'no such alert' (400 expected)
Apr 21, 2020 5:19:39 PM org.openqa.selenium.remote.ErrorCodes toStatus
INFO: HTTP Status: '404' -> incorrect JSON status mapping for 'no such alert' (400 expected)
Apr 21, 2020 5:19:39 PM org.openqa.selenium.remote.ErrorCodes toStatus
INFO: HTTP Status: '404' -> incorrect JSON status mapping for 'no such alert' (400 expected)
Apr 21, 2020 5:19:40 PM org.openqa.selenium.remote.ErrorCodes toStatus
INFO: HTTP Status: '404' -> incorrect JSON status mapping for 'no such alert' (400 expected)
Apr 21, 2020 5:19:40 PM org.openqa.selenium.remote.ErrorCodes toStatus
INFO: HTTP Status: '404' -> incorrect JSON status mapping for 'no such alert' (400 expected)
Apr 21, 2020 5:19:40 PM org.openqa.selenium.remote.ErrorCodes toStatus
INFO: HTTP Status: '404' -> incorrect JSON status mapping for 'no such alert' (400 expected)
Apr 21, 2020 5:19:41 PM org.openqa.selenium.remote.ErrorCodes toStatus
INFO: HTTP Status: '404' -> incorrect JSON status mapping for 'no such alert' (400 expected)
Apr 21, 2020 5:19:41 PM org.openqa.selenium.remote.ErrorCodes toStatus
INFO: HTTP Status: '404' -> incorrect JSON status mapping for 'no such alert' (400 expected)
Apr 21, 2020 5:19:41 PM org.openqa.selenium.remote.ErrorCodes toStatus
INFO: HTTP Status: '404' -> incorrect JSON status mapping for 'no such alert' (400 expected)
Apr 21, 2020 5:19:41 PM org.openqa.selenium.remote.ErrorCodes toStatus
INFO: HTTP Status: '404' -> incorrect JSON status mapping for 'no such alert' (400 expected)
Apr 21, 2020 5:19:42 PM org.openqa.selenium.remote.ErrorCodes toStatus
INFO: HTTP Status: '404' -> incorrect JSON status mapping for 'no such alert' (400 expected)
Apr 21, 2020 5:19:42 PM org.openqa.selenium.remote.ErrorCodes toStatus
INFO: HTTP Status: '404' -> incorrect JSON status mapping for 'no such alert' (400 expected)
Apr 21, 2020 5:19:43 PM org.openqa.selenium.remote.ErrorCodes toStatus
INFO: HTTP Status: '404' -> incorrect JSON status mapping for 'no such alert' (400 expected)
Apr 21, 2020 5:19:43 PM org.openqa.selenium.remote.ErrorCodes toStatus
INFO: HTTP Status: '404' -> incorrect JSON status mapping for 'no such alert' (400 expected)
Apr 21, 2020 5:19:43 PM org.openqa.selenium.remote.ErrorCodes toStatus
INFO: HTTP Status: '404' -> incorrect JSON status mapping for 'no such window' (400 expected)
[Parent 146710, Gecko_IOThread] WARNING: pipe error (69): Connection reset by peer: file /build/firefox-esr-SNKf5O/firefox-esr-68.7.0esr/ipc/chromium/src/chrome/common/ipc_channel_posix.cc, line 358
[Parent 146710, Gecko_IOThread] WARNING: pipe error (90): Connection reset by peer: file /build/firefox-esr-SNKf5O/firefox-esr-68.7.0esr/ipc/chromium/src/chrome/common/ipc_channel_posix.cc, line 358
1587503983888	Marionette	INFO	Stopped listening on port 35865
]]></system-err>
  </testcase>
</testsuite>